#! /c/Source/iverilog-install/bin/vvp
:ivl_version "12.0 (devel)" "(s20150603-1110-g18392a46)";
:ivl_delay_selection "TYPICAL";
:vpi_time_precision - 12;
:vpi_module "C:\iverilog\lib\ivl\system.vpi";
:vpi_module "C:\iverilog\lib\ivl\vhdl_sys.vpi";
:vpi_module "C:\iverilog\lib\ivl\vhdl_textio.vpi";
:vpi_module "C:\iverilog\lib\ivl\v2005_math.vpi";
:vpi_module "C:\iverilog\lib\ivl\va_math.vpi";
S_000002e7ca7d4690 .scope module, "memory_loader_tb" "memory_loader_tb" 2 2;
 .timescale -9 -12;
v000002e7ca8dd450_0 .var "clk", 0 0;
v000002e7ca8dd4f0_0 .var/i "i", 31 0;
v000002e7ca8dd590_0 .var/i "j", 31 0;
v000002e7ca8dffa0_0 .var "port_A", 7 0;
v000002e7ca8dfdc0_0 .net "port_O", 7 0, v000002e7ca8dda90_0;  1 drivers
v000002e7ca8df0a0_0 .var "port_W", 7 0;
v000002e7ca8dfc80_0 .var "rst", 0 0;
v000002e7ca8df1e0_0 .var "startSignal", 0 0;
v000002e7ca8e09a0_0 .var "write_enable_A", 0 0;
v000002e7ca8e0220_0 .var "write_enable_W", 0 0;
v000002e7ca8dd8b0_31 .array/port v000002e7ca8dd8b0, 31;
E_000002e7ca869cf0 .event anyedge, v000002e7ca8dd8b0_31;
E_000002e7ca869f70 .event anyedge, v000002e7ca8db3a0_0;
S_000002e7ca883dc0 .scope module, "uut" "memory_loader" 2 15, 3 23 0, S_000002e7ca7d4690;
 .timescale -9 -12;
    .port_info 0 /OUTPUT 8 "port_O";
    .port_info 1 /INPUT 1 "clk";
    .port_info 2 /INPUT 1 "rst";
    .port_info 3 /INPUT 8 "port_A";
    .port_info 4 /INPUT 8 "port_W";
    .port_info 5 /INPUT 1 "write_enable_A";
    .port_info 6 /INPUT 1 "write_enable_W";
    .port_info 7 /INPUT 1 "startSignal";
v000002e7ca8de490_0 .net "Activation_result12", 7 0, v000002e7ca8d7240_0;  1 drivers
v000002e7ca8de350_0 .net "Activation_result13", 7 0, v000002e7ca8da330_0;  1 drivers
v000002e7ca8de0d0_0 .net "Activation_result14", 7 0, v000002e7ca8da470_0;  1 drivers
v000002e7ca8ddf90_0 .net "Activation_result15", 7 0, v000002e7ca8d9ed0_0;  1 drivers
v000002e7ca8dd8b0 .array/s "Feature_Memory", 31 0, 7 0;
v000002e7ca8ddd10_0 .var "ReadEnable", 0 0;
v000002e7ca8dd090 .array/s "Weight_Memory", 15 0, 7 0;
v000002e7ca8de990_0 .var "Wen", 0 0;
v000002e7ca8dde50_0 .net "clk", 0 0, v000002e7ca8dd450_0;  1 drivers
v000002e7ca8dd3b0_0 .var "cnt", 4 0;
v000002e7ca8de3f0_0 .net "count", 0 4, v000002e7ca8dbe40_0;  1 drivers
v000002e7ca8ddef0_0 .var/i "i", 31 0;
v000002e7ca8dd810_0 .var "inp_north0", 7 0;
v000002e7ca8de5d0_0 .var "inp_north1", 7 0;
v000002e7ca8decb0_0 .var "inp_north2", 7 0;
v000002e7ca8de210_0 .var "inp_north3", 7 0;
v000002e7ca8de710_0 .var "inp_west0", 7 0;
v000002e7ca8de850_0 .var "inp_west1", 7 0;
v000002e7ca8dedf0_0 .var "inp_west2", 7 0;
v000002e7ca8de2b0_0 .var "inp_west3", 7 0;
v000002e7ca8dd770_0 .var/i "j", 31 0;
v000002e7ca8dea30_0 .var/i "k", 31 0;
v000002e7ca8dec10_0 .net/s "port_A", 7 0, v000002e7ca8dffa0_0;  1 drivers
v000002e7ca8dda90_0 .var "port_O", 7 0;
v000002e7ca8dee90_0 .net/s "port_W", 7 0, v000002e7ca8df0a0_0;  1 drivers
v000002e7ca8def30_0 .net "rst", 0 0, v000002e7ca8dfc80_0;  1 drivers
v000002e7ca8dd130_0 .net "startSignal", 0 0, v000002e7ca8df1e0_0;  1 drivers
v000002e7ca8dd1d0_0 .net "write_enable_A", 0 0, v000002e7ca8e09a0_0;  1 drivers
v000002e7ca8dd270_0 .net "write_enable_W", 0 0, v000002e7ca8e0220_0;  1 drivers
E_000002e7ca86a130 .event posedge, v000002e7ca860dc0_0;
v000002e7ca8dd8b0_0 .array/port v000002e7ca8dd8b0, 0;
v000002e7ca8dd8b0_1 .array/port v000002e7ca8dd8b0, 1;
E_000002e7ca869ef0/0 .event anyedge, v000002e7ca8db3a0_0, v000002e7ca8dd3b0_0, v000002e7ca8dd8b0_0, v000002e7ca8dd8b0_1;
v000002e7ca8dd8b0_2 .array/port v000002e7ca8dd8b0, 2;
v000002e7ca8dd8b0_3 .array/port v000002e7ca8dd8b0, 3;
v000002e7ca8dd8b0_4 .array/port v000002e7ca8dd8b0, 4;
v000002e7ca8dd8b0_5 .array/port v000002e7ca8dd8b0, 5;
E_000002e7ca869ef0/1 .event anyedge, v000002e7ca8dd8b0_2, v000002e7ca8dd8b0_3, v000002e7ca8dd8b0_4, v000002e7ca8dd8b0_5;
v000002e7ca8dd8b0_6 .array/port v000002e7ca8dd8b0, 6;
v000002e7ca8dd8b0_7 .array/port v000002e7ca8dd8b0, 7;
v000002e7ca8dd8b0_8 .array/port v000002e7ca8dd8b0, 8;
v000002e7ca8dd8b0_9 .array/port v000002e7ca8dd8b0, 9;
E_000002e7ca869ef0/2 .event anyedge, v000002e7ca8dd8b0_6, v000002e7ca8dd8b0_7, v000002e7ca8dd8b0_8, v000002e7ca8dd8b0_9;
v000002e7ca8dd8b0_10 .array/port v000002e7ca8dd8b0, 10;
v000002e7ca8dd8b0_11 .array/port v000002e7ca8dd8b0, 11;
v000002e7ca8dd8b0_12 .array/port v000002e7ca8dd8b0, 12;
v000002e7ca8dd8b0_13 .array/port v000002e7ca8dd8b0, 13;
E_000002e7ca869ef0/3 .event anyedge, v000002e7ca8dd8b0_10, v000002e7ca8dd8b0_11, v000002e7ca8dd8b0_12, v000002e7ca8dd8b0_13;
v000002e7ca8dd8b0_14 .array/port v000002e7ca8dd8b0, 14;
v000002e7ca8dd8b0_15 .array/port v000002e7ca8dd8b0, 15;
v000002e7ca8dd8b0_16 .array/port v000002e7ca8dd8b0, 16;
v000002e7ca8dd8b0_17 .array/port v000002e7ca8dd8b0, 17;
E_000002e7ca869ef0/4 .event anyedge, v000002e7ca8dd8b0_14, v000002e7ca8dd8b0_15, v000002e7ca8dd8b0_16, v000002e7ca8dd8b0_17;
v000002e7ca8dd8b0_18 .array/port v000002e7ca8dd8b0, 18;
v000002e7ca8dd8b0_19 .array/port v000002e7ca8dd8b0, 19;
v000002e7ca8dd8b0_20 .array/port v000002e7ca8dd8b0, 20;
v000002e7ca8dd8b0_21 .array/port v000002e7ca8dd8b0, 21;
E_000002e7ca869ef0/5 .event anyedge, v000002e7ca8dd8b0_18, v000002e7ca8dd8b0_19, v000002e7ca8dd8b0_20, v000002e7ca8dd8b0_21;
v000002e7ca8dd8b0_22 .array/port v000002e7ca8dd8b0, 22;
v000002e7ca8dd8b0_23 .array/port v000002e7ca8dd8b0, 23;
v000002e7ca8dd8b0_24 .array/port v000002e7ca8dd8b0, 24;
v000002e7ca8dd8b0_25 .array/port v000002e7ca8dd8b0, 25;
E_000002e7ca869ef0/6 .event anyedge, v000002e7ca8dd8b0_22, v000002e7ca8dd8b0_23, v000002e7ca8dd8b0_24, v000002e7ca8dd8b0_25;
v000002e7ca8dd8b0_26 .array/port v000002e7ca8dd8b0, 26;
v000002e7ca8dd8b0_27 .array/port v000002e7ca8dd8b0, 27;
v000002e7ca8dd8b0_28 .array/port v000002e7ca8dd8b0, 28;
v000002e7ca8dd8b0_29 .array/port v000002e7ca8dd8b0, 29;
E_000002e7ca869ef0/7 .event anyedge, v000002e7ca8dd8b0_26, v000002e7ca8dd8b0_27, v000002e7ca8dd8b0_28, v000002e7ca8dd8b0_29;
v000002e7ca8dd8b0_30 .array/port v000002e7ca8dd8b0, 30;
E_000002e7ca869ef0/8 .event anyedge, v000002e7ca8dd8b0_30, v000002e7ca8dd8b0_31;
E_000002e7ca869ef0 .event/or E_000002e7ca869ef0/0, E_000002e7ca869ef0/1, E_000002e7ca869ef0/2, E_000002e7ca869ef0/3, E_000002e7ca869ef0/4, E_000002e7ca869ef0/5, E_000002e7ca869ef0/6, E_000002e7ca869ef0/7, E_000002e7ca869ef0/8;
v000002e7ca8dd090_0 .array/port v000002e7ca8dd090, 0;
v000002e7ca8dd090_1 .array/port v000002e7ca8dd090, 1;
E_000002e7ca8691f0/0 .event anyedge, v000002e7ca8db3a0_0, v000002e7ca8dd3b0_0, v000002e7ca8dd090_0, v000002e7ca8dd090_1;
v000002e7ca8dd090_2 .array/port v000002e7ca8dd090, 2;
v000002e7ca8dd090_3 .array/port v000002e7ca8dd090, 3;
v000002e7ca8dd090_4 .array/port v000002e7ca8dd090, 4;
v000002e7ca8dd090_5 .array/port v000002e7ca8dd090, 5;
E_000002e7ca8691f0/1 .event anyedge, v000002e7ca8dd090_2, v000002e7ca8dd090_3, v000002e7ca8dd090_4, v000002e7ca8dd090_5;
v000002e7ca8dd090_6 .array/port v000002e7ca8dd090, 6;
v000002e7ca8dd090_7 .array/port v000002e7ca8dd090, 7;
v000002e7ca8dd090_8 .array/port v000002e7ca8dd090, 8;
v000002e7ca8dd090_9 .array/port v000002e7ca8dd090, 9;
E_000002e7ca8691f0/2 .event anyedge, v000002e7ca8dd090_6, v000002e7ca8dd090_7, v000002e7ca8dd090_8, v000002e7ca8dd090_9;
v000002e7ca8dd090_10 .array/port v000002e7ca8dd090, 10;
v000002e7ca8dd090_11 .array/port v000002e7ca8dd090, 11;
v000002e7ca8dd090_12 .array/port v000002e7ca8dd090, 12;
v000002e7ca8dd090_13 .array/port v000002e7ca8dd090, 13;
E_000002e7ca8691f0/3 .event anyedge, v000002e7ca8dd090_10, v000002e7ca8dd090_11, v000002e7ca8dd090_12, v000002e7ca8dd090_13;
v000002e7ca8dd090_14 .array/port v000002e7ca8dd090, 14;
v000002e7ca8dd090_15 .array/port v000002e7ca8dd090, 15;
E_000002e7ca8691f0/4 .event anyedge, v000002e7ca8dd090_14, v000002e7ca8dd090_15;
E_000002e7ca8691f0 .event/or E_000002e7ca8691f0/0, E_000002e7ca8691f0/1, E_000002e7ca8691f0/2, E_000002e7ca8691f0/3, E_000002e7ca8691f0/4;
S_000002e7ca86ac30 .scope module, "SA_1" "Systolic_Array" 3 76, 4 23 0, S_000002e7ca883dc0;
 .timescale -9 -12;
    .port_info 0 /OUTPUT 5 "count";
    .port_info 1 /OUTPUT 8 "Activation_result12";
    .port_info 2 /OUTPUT 8 "Activation_result13";
    .port_info 3 /OUTPUT 8 "Activation_result14";
    .port_info 4 /OUTPUT 8 "Activation_result15";
    .port_info 5 /INPUT 8 "w0";
    .port_info 6 /INPUT 8 "w1";
    .port_info 7 /INPUT 8 "w2";
    .port_info 8 /INPUT 8 "w3";
    .port_info 9 /INPUT 8 "a0";
    .port_info 10 /INPUT 8 "a4";
    .port_info 11 /INPUT 8 "a8";
    .port_info 12 /INPUT 8 "a12";
    .port_info 13 /INPUT 1 "WEn";
    .port_info 14 /INPUT 1 "clk";
    .port_info 15 /INPUT 1 "rst";
    .port_info 16 /INPUT 1 "pauseProcess";
v000002e7ca8d9a70_0 .net "Activation_result12", 7 0, v000002e7ca8d7240_0;  alias, 1 drivers
v000002e7ca8d92f0_0 .net "Activation_result13", 7 0, v000002e7ca8da330_0;  alias, 1 drivers
v000002e7ca8d9b10_0 .net "Activation_result14", 7 0, v000002e7ca8da470_0;  alias, 1 drivers
v000002e7ca8dca20_0 .net "Activation_result15", 7 0, v000002e7ca8d9ed0_0;  alias, 1 drivers
v000002e7ca8dcc00_0 .net "Quantized_result12", 7 0, v000002e7ca8d8140_0;  1 drivers
v000002e7ca8dc7a0_0 .net "Quantized_result13", 7 0, v000002e7ca8d9390_0;  1 drivers
v000002e7ca8db260_0 .net "Quantized_result14", 7 0, v000002e7ca8d9570_0;  1 drivers
v000002e7ca8db4e0_0 .net "Quantized_result15", 7 0, v000002e7ca8d99d0_0;  1 drivers
v000002e7ca8dbd00_0 .net "WEn", 0 0, v000002e7ca8de990_0;  1 drivers
v000002e7ca8dce80_0 .net "a0", 7 0, v000002e7ca8de710_0;  1 drivers
v000002e7ca8dcac0_0 .net "a12", 7 0, v000002e7ca8de2b0_0;  1 drivers
v000002e7ca8dc3e0_0 .net "a4", 7 0, v000002e7ca8de850_0;  1 drivers
v000002e7ca8dba80_0 .net "a8", 7 0, v000002e7ca8dedf0_0;  1 drivers
v000002e7ca8dbda0_0 .net "clk", 0 0, v000002e7ca8dd450_0;  alias, 1 drivers
v000002e7ca8dbe40_0 .var "count", 4 0;
L_000002e7ca8e1068 .functor BUFT 1, C4<000000000000000000000000>, C4<0>, C4<0>, C4<0>;
v000002e7ca8dc020_0 .net "gnd", 23 0, L_000002e7ca8e1068;  1 drivers
v000002e7ca8dc980_0 .var "operationMode", 1 0;
v000002e7ca8db3a0_0 .net "pauseProcess", 0 0, v000002e7ca8df1e0_0;  alias, 1 drivers
v000002e7ca8dc480_0 .net "result0", 23 0, v000002e7ca85f7e0_0;  1 drivers
v000002e7ca8dcde0_0 .net "result1", 23 0, v000002e7ca860fa0_0;  1 drivers
v000002e7ca8dbb20_0 .net "result10", 23 0, v000002e7ca8d8460_0;  1 drivers
v000002e7ca8dc8e0_0 .net "result11", 23 0, v000002e7ca8d8780_0;  1 drivers
v000002e7ca8db300_0 .net "result12", 23 0, v000002e7ca8d8aa0_0;  1 drivers
v000002e7ca8dc2a0_0 .net "result13", 23 0, v000002e7ca8d7600_0;  1 drivers
v000002e7ca8dbbc0_0 .net "result14", 23 0, v000002e7ca8d9070_0;  1 drivers
v000002e7ca8db760_0 .net "result15", 23 0, v000002e7ca8d9f70_0;  1 drivers
v000002e7ca8dc520_0 .net "result2", 23 0, v000002e7ca85fec0_0;  1 drivers
v000002e7ca8dcca0_0 .net "result3", 23 0, v000002e7ca85fba0_0;  1 drivers
v000002e7ca8dbee0_0 .net "result4", 23 0, v000002e7ca84f3d0_0;  1 drivers
v000002e7ca8dc340_0 .net "result5", 23 0, v000002e7ca84e610_0;  1 drivers
v000002e7ca8dc200_0 .net "result6", 23 0, v000002e7ca850230_0;  1 drivers
v000002e7ca8dc5c0_0 .net "result7", 23 0, v000002e7ca84eed0_0;  1 drivers
v000002e7ca8dc840_0 .net "result8", 23 0, v000002e7ca847010_0;  1 drivers
v000002e7ca8dcf20_0 .net "result9", 23 0, v000002e7ca8467f0_0;  1 drivers
v000002e7ca8dc660_0 .net "rst", 0 0, v000002e7ca8dfc80_0;  alias, 1 drivers
v000002e7ca8dc0c0_0 .net "w0", 7 0, v000002e7ca8dd810_0;  1 drivers
v000002e7ca8dbf80_0 .net "w1", 7 0, v000002e7ca8de5d0_0;  1 drivers
v000002e7ca8db8a0_0 .net "w2", 7 0, v000002e7ca8decb0_0;  1 drivers
v000002e7ca8dc700_0 .net "w3", 7 0, v000002e7ca8de210_0;  1 drivers
v000002e7ca8dcd40_0 .net "wire_east0", 7 0, v000002e7ca85fd80_0;  1 drivers
v000002e7ca8dbc60_0 .net "wire_east1", 7 0, v000002e7ca860960_0;  1 drivers
v000002e7ca8dcb60_0 .net "wire_east10", 7 0, v000002e7ca8d7d80_0;  1 drivers
v000002e7ca8dc160_0 .net "wire_east11", 7 0, v000002e7ca8d7ec0_0;  1 drivers
v000002e7ca8db080_0 .net "wire_east12", 7 0, v000002e7ca8d71a0_0;  1 drivers
v000002e7ca8db580_0 .net "wire_east13", 7 0, v000002e7ca8d9d90_0;  1 drivers
v000002e7ca8db120_0 .net "wire_east14", 7 0, v000002e7ca8da510_0;  1 drivers
v000002e7ca8db1c0_0 .net "wire_east15", 7 0, v000002e7ca8da010_0;  1 drivers
v000002e7ca8db440_0 .net "wire_east2", 7 0, v000002e7ca8614a0_0;  1 drivers
v000002e7ca8db620_0 .net "wire_east3", 7 0, v000002e7ca84f290_0;  1 drivers
v000002e7ca8db6c0_0 .net "wire_east4", 7 0, v000002e7ca850410_0;  1 drivers
v000002e7ca8db800_0 .net "wire_east5", 7 0, v000002e7ca8500f0_0;  1 drivers
v000002e7ca8db940_0 .net "wire_east6", 7 0, v000002e7ca84e7f0_0;  1 drivers
v000002e7ca8db9e0_0 .net "wire_east7", 7 0, v000002e7ca8466b0_0;  1 drivers
v000002e7ca8de170_0 .net "wire_east8", 7 0, v000002e7ca846390_0;  1 drivers
v000002e7ca8dd310_0 .net "wire_east9", 7 0, v000002e7ca8d7920_0;  1 drivers
v000002e7ca8ded50_0 .net "wire_south0", 7 0, v000002e7ca860e60_0;  1 drivers
v000002e7ca8de530_0 .net "wire_south1", 7 0, v000002e7ca860280_0;  1 drivers
v000002e7ca8de8f0_0 .net "wire_south10", 7 0, v000002e7ca8d8c80_0;  1 drivers
v000002e7ca8dead0_0 .net "wire_south11", 7 0, v000002e7ca8d7a60_0;  1 drivers
v000002e7ca8ddc70_0 .net "wire_south12", 7 0, v000002e7ca8d72e0_0;  1 drivers
v000002e7ca8dddb0_0 .net "wire_south13", 7 0, v000002e7ca8d96b0_0;  1 drivers
v000002e7ca8dd6d0_0 .net "wire_south14", 7 0, v000002e7ca8da290_0;  1 drivers
v000002e7ca8deb70_0 .net "wire_south15", 7 0, v000002e7ca8daa10_0;  1 drivers
v000002e7ca8de030_0 .net "wire_south2", 7 0, v000002e7ca85f6a0_0;  1 drivers
v000002e7ca8ddbd0_0 .net "wire_south3", 7 0, v000002e7ca84ecf0_0;  1 drivers
v000002e7ca8dd950_0 .net "wire_south4", 7 0, v000002e7ca84f510_0;  1 drivers
v000002e7ca8ddb30_0 .net "wire_south5", 7 0, v000002e7ca850190_0;  1 drivers
v000002e7ca8de670_0 .net "wire_south6", 7 0, v000002e7ca84e9d0_0;  1 drivers
v000002e7ca8dd630_0 .net "wire_south7", 7 0, v000002e7ca846b10_0;  1 drivers
v000002e7ca8dd9f0_0 .net "wire_south8", 7 0, v000002e7ca846610_0;  1 drivers
v000002e7ca8de7b0_0 .net "wire_south9", 7 0, v000002e7ca8d7b00_0;  1 drivers
S_000002e7ca845e40 .scope module, "C11_0" "MACUnit" 4 59, 5 27 0, S_000002e7ca86ac30;
 .timescale -9 -12;
    .port_info 0 /OUTPUT 24 "AccumulatedSum";
    .port_info 1 /OUTPUT 8 "siglineEast";
    .port_info 2 /OUTPUT 8 "siglineSouth";
    .port_info 3 /INPUT 8 "FM";
    .port_info 4 /INPUT 8 "WM";
    .port_info 5 /INPUT 24 "AddCarry";
    .port_info 6 /INPUT 1 "WEn";
    .port_info 7 /INPUT 1 "clk";
    .port_info 8 /INPUT 1 "rst";
v000002e7ca85f7e0_0 .var "AccumulatedSum", 23 0;
v000002e7ca860d20_0 .net "AddCarry", 23 0, L_000002e7ca8e1068;  alias, 1 drivers
v000002e7ca85fe20_0 .net "FM", 7 0, v000002e7ca8de710_0;  alias, 1 drivers
v000002e7ca860aa0_0 .net "WEn", 0 0, v000002e7ca8de990_0;  alias, 1 drivers
v000002e7ca861220_0 .net "WM", 7 0, v000002e7ca8dd810_0;  alias, 1 drivers
v000002e7ca860dc0_0 .net "clk", 0 0, v000002e7ca8dd450_0;  alias, 1 drivers
v000002e7ca860780_0 .net "rst", 0 0, v000002e7ca8dfc80_0;  alias, 1 drivers
v000002e7ca85fd80_0 .var "siglineEast", 7 0;
v000002e7ca860e60_0 .var "siglineSouth", 7 0;
E_000002e7ca869230 .event posedge, v000002e7ca860780_0, v000002e7ca860dc0_0;
S_000002e7ca8795d0 .scope module, "C12_1" "MACUnit" 4 62, 5 27 0, S_000002e7ca86ac30;
 .timescale -9 -12;
    .port_info 0 /OUTPUT 24 "AccumulatedSum";
    .port_info 1 /OUTPUT 8 "siglineEast";
    .port_info 2 /OUTPUT 8 "siglineSouth";
    .port_info 3 /INPUT 8 "FM";
    .port_info 4 /INPUT 8 "WM";
    .port_info 5 /INPUT 24 "AddCarry";
    .port_info 6 /INPUT 1 "WEn";
    .port_info 7 /INPUT 1 "clk";
    .port_info 8 /INPUT 1 "rst";
v000002e7ca860fa0_0 .var "AccumulatedSum", 23 0;
v000002e7ca860140_0 .net "AddCarry", 23 0, L_000002e7ca8e1068;  alias, 1 drivers
v000002e7ca8601e0_0 .net "FM", 7 0, v000002e7ca85fd80_0;  alias, 1 drivers
v000002e7ca860f00_0 .net "WEn", 0 0, v000002e7ca8de990_0;  alias, 1 drivers
v000002e7ca85fc40_0 .net "WM", 7 0, v000002e7ca8de5d0_0;  alias, 1 drivers
v000002e7ca860820_0 .net "clk", 0 0, v000002e7ca8dd450_0;  alias, 1 drivers
v000002e7ca860320_0 .net "rst", 0 0, v000002e7ca8dfc80_0;  alias, 1 drivers
v000002e7ca860960_0 .var "siglineEast", 7 0;
v000002e7ca860280_0 .var "siglineSouth", 7 0;
S_000002e7ca879760 .scope module, "C13_2" "MACUnit" 4 63, 5 27 0, S_000002e7ca86ac30;
 .timescale -9 -12;
    .port_info 0 /OUTPUT 24 "AccumulatedSum";
    .port_info 1 /OUTPUT 8 "siglineEast";
    .port_info 2 /OUTPUT 8 "siglineSouth";
    .port_info 3 /INPUT 8 "FM";
    .port_info 4 /INPUT 8 "WM";
    .port_info 5 /INPUT 24 "AddCarry";
    .port_info 6 /INPUT 1 "WEn";
    .port_info 7 /INPUT 1 "clk";
    .port_info 8 /INPUT 1 "rst";
v000002e7ca85fec0_0 .var "AccumulatedSum", 23 0;
v000002e7ca860000_0 .net "AddCarry", 23 0, L_000002e7ca8e1068;  alias, 1 drivers
v000002e7ca860640_0 .net "FM", 7 0, v000002e7ca860960_0;  alias, 1 drivers
v000002e7ca85fce0_0 .net "WEn", 0 0, v000002e7ca8de990_0;  alias, 1 drivers
v000002e7ca8612c0_0 .net "WM", 7 0, v000002e7ca8decb0_0;  alias, 1 drivers
v000002e7ca861400_0 .net "clk", 0 0, v000002e7ca8dd450_0;  alias, 1 drivers
v000002e7ca85f600_0 .net "rst", 0 0, v000002e7ca8dfc80_0;  alias, 1 drivers
v000002e7ca8614a0_0 .var "siglineEast", 7 0;
v000002e7ca85f6a0_0 .var "siglineSouth", 7 0;
S_000002e7ca802e80 .scope module, "C14_3" "MACUnit" 4 64, 5 27 0, S_000002e7ca86ac30;
 .timescale -9 -12;
    .port_info 0 /OUTPUT 24 "AccumulatedSum";
    .port_info 1 /OUTPUT 8 "siglineEast";
    .port_info 2 /OUTPUT 8 "siglineSouth";
    .port_info 3 /INPUT 8 "FM";
    .port_info 4 /INPUT 8 "WM";
    .port_info 5 /INPUT 24 "AddCarry";
    .port_info 6 /INPUT 1 "WEn";
    .port_info 7 /INPUT 1 "clk";
    .port_info 8 /INPUT 1 "rst";
v000002e7ca85fba0_0 .var "AccumulatedSum", 23 0;
v000002e7ca85f9c0_0 .net "AddCarry", 23 0, L_000002e7ca8e1068;  alias, 1 drivers
v000002e7ca8600a0_0 .net "FM", 7 0, v000002e7ca8614a0_0;  alias, 1 drivers
v000002e7ca8606e0_0 .net "WEn", 0 0, v000002e7ca8de990_0;  alias, 1 drivers
v000002e7ca860a00_0 .net "WM", 7 0, v000002e7ca8de210_0;  alias, 1 drivers
v000002e7ca84f5b0_0 .net "clk", 0 0, v000002e7ca8dd450_0;  alias, 1 drivers
v000002e7ca84fdd0_0 .net "rst", 0 0, v000002e7ca8dfc80_0;  alias, 1 drivers
v000002e7ca84f290_0 .var "siglineEast", 7 0;
v000002e7ca84ecf0_0 .var "siglineSouth", 7 0;
S_000002e7ca803010 .scope module, "C21_4" "MACUnit" 4 67, 5 27 0, S_000002e7ca86ac30;
 .timescale -9 -12;
    .port_info 0 /OUTPUT 24 "AccumulatedSum";
    .port_info 1 /OUTPUT 8 "siglineEast";
    .port_info 2 /OUTPUT 8 "siglineSouth";
    .port_info 3 /INPUT 8 "FM";
    .port_info 4 /INPUT 8 "WM";
    .port_info 5 /INPUT 24 "AddCarry";
    .port_info 6 /INPUT 1 "WEn";
    .port_info 7 /INPUT 1 "clk";
    .port_info 8 /INPUT 1 "rst";
v000002e7ca84f3d0_0 .var "AccumulatedSum", 23 0;
v000002e7ca84f970_0 .net "AddCarry", 23 0, v000002e7ca85f7e0_0;  alias, 1 drivers
v000002e7ca84fb50_0 .net "FM", 7 0, v000002e7ca8de850_0;  alias, 1 drivers
v000002e7ca84f330_0 .net "WEn", 0 0, v000002e7ca8de990_0;  alias, 1 drivers
v000002e7ca84f650_0 .net "WM", 7 0, v000002e7ca860e60_0;  alias, 1 drivers
v000002e7ca84fd30_0 .net "clk", 0 0, v000002e7ca8dd450_0;  alias, 1 drivers
v000002e7ca84fa10_0 .net "rst", 0 0, v000002e7ca8dfc80_0;  alias, 1 drivers
v000002e7ca850410_0 .var "siglineEast", 7 0;
v000002e7ca84f510_0 .var "siglineSouth", 7 0;
S_000002e7ca8031a0 .scope module, "C22_5" "MACUnit" 4 73, 5 27 0, S_000002e7ca86ac30;
 .timescale -9 -12;
    .port_info 0 /OUTPUT 24 "AccumulatedSum";
    .port_info 1 /OUTPUT 8 "siglineEast";
    .port_info 2 /OUTPUT 8 "siglineSouth";
    .port_info 3 /INPUT 8 "FM";
    .port_info 4 /INPUT 8 "WM";
    .port_info 5 /INPUT 24 "AddCarry";
    .port_info 6 /INPUT 1 "WEn";
    .port_info 7 /INPUT 1 "clk";
    .port_info 8 /INPUT 1 "rst";
v000002e7ca84e610_0 .var "AccumulatedSum", 23 0;
v000002e7ca84ff10_0 .net "AddCarry", 23 0, v000002e7ca860fa0_0;  alias, 1 drivers
v000002e7ca84ffb0_0 .net "FM", 7 0, v000002e7ca850410_0;  alias, 1 drivers
v000002e7ca84e750_0 .net "WEn", 0 0, v000002e7ca8de990_0;  alias, 1 drivers
v000002e7ca84ebb0_0 .net "WM", 7 0, v000002e7ca860280_0;  alias, 1 drivers
v000002e7ca84ed90_0 .net "clk", 0 0, v000002e7ca8dd450_0;  alias, 1 drivers
v000002e7ca84f8d0_0 .net "rst", 0 0, v000002e7ca8dfc80_0;  alias, 1 drivers
v000002e7ca8500f0_0 .var "siglineEast", 7 0;
v000002e7ca850190_0 .var "siglineSouth", 7 0;
S_000002e7ca81c250 .scope module, "C23_6" "MACUnit" 4 74, 5 27 0, S_000002e7ca86ac30;
 .timescale -9 -12;
    .port_info 0 /OUTPUT 24 "AccumulatedSum";
    .port_info 1 /OUTPUT 8 "siglineEast";
    .port_info 2 /OUTPUT 8 "siglineSouth";
    .port_info 3 /INPUT 8 "FM";
    .port_info 4 /INPUT 8 "WM";
    .port_info 5 /INPUT 24 "AddCarry";
    .port_info 6 /INPUT 1 "WEn";
    .port_info 7 /INPUT 1 "clk";
    .port_info 8 /INPUT 1 "rst";
v000002e7ca850230_0 .var "AccumulatedSum", 23 0;
v000002e7ca84f0b0_0 .net "AddCarry", 23 0, v000002e7ca85fec0_0;  alias, 1 drivers
v000002e7ca84e6b0_0 .net "FM", 7 0, v000002e7ca8500f0_0;  alias, 1 drivers
v000002e7ca84f830_0 .net "WEn", 0 0, v000002e7ca8de990_0;  alias, 1 drivers
v000002e7ca8502d0_0 .net "WM", 7 0, v000002e7ca85f6a0_0;  alias, 1 drivers
v000002e7ca84e890_0 .net "clk", 0 0, v000002e7ca8dd450_0;  alias, 1 drivers
v000002e7ca84e570_0 .net "rst", 0 0, v000002e7ca8dfc80_0;  alias, 1 drivers
v000002e7ca84e7f0_0 .var "siglineEast", 7 0;
v000002e7ca84e9d0_0 .var "siglineSouth", 7 0;
S_000002e7ca81c3e0 .scope module, "C24_7" "MACUnit" 4 75, 5 27 0, S_000002e7ca86ac30;
 .timescale -9 -12;
    .port_info 0 /OUTPUT 24 "AccumulatedSum";
    .port_info 1 /OUTPUT 8 "siglineEast";
    .port_info 2 /OUTPUT 8 "siglineSouth";
    .port_info 3 /INPUT 8 "FM";
    .port_info 4 /INPUT 8 "WM";
    .port_info 5 /INPUT 24 "AddCarry";
    .port_info 6 /INPUT 1 "WEn";
    .port_info 7 /INPUT 1 "clk";
    .port_info 8 /INPUT 1 "rst";
v000002e7ca84eed0_0 .var "AccumulatedSum", 23 0;
v000002e7ca84ef70_0 .net "AddCarry", 23 0, v000002e7ca85fba0_0;  alias, 1 drivers
v000002e7ca84f010_0 .net "FM", 7 0, v000002e7ca84e7f0_0;  alias, 1 drivers
v000002e7ca84f150_0 .net "WEn", 0 0, v000002e7ca8de990_0;  alias, 1 drivers
v000002e7ca846cf0_0 .net "WM", 7 0, v000002e7ca84ecf0_0;  alias, 1 drivers
v000002e7ca8464d0_0 .net "clk", 0 0, v000002e7ca8dd450_0;  alias, 1 drivers
v000002e7ca846f70_0 .net "rst", 0 0, v000002e7ca8dfc80_0;  alias, 1 drivers
v000002e7ca8466b0_0 .var "siglineEast", 7 0;
v000002e7ca846b10_0 .var "siglineSouth", 7 0;
S_000002e7ca81c570 .scope module, "C31_8" "MACUnit" 4 68, 5 27 0, S_000002e7ca86ac30;
 .timescale -9 -12;
    .port_info 0 /OUTPUT 24 "AccumulatedSum";
    .port_info 1 /OUTPUT 8 "siglineEast";
    .port_info 2 /OUTPUT 8 "siglineSouth";
    .port_info 3 /INPUT 8 "FM";
    .port_info 4 /INPUT 8 "WM";
    .port_info 5 /INPUT 24 "AddCarry";
    .port_info 6 /INPUT 1 "WEn";
    .port_info 7 /INPUT 1 "clk";
    .port_info 8 /INPUT 1 "rst";
v000002e7ca847010_0 .var "AccumulatedSum", 23 0;
v000002e7ca8469d0_0 .net "AddCarry", 23 0, v000002e7ca84f3d0_0;  alias, 1 drivers
v000002e7ca8462f0_0 .net "FM", 7 0, v000002e7ca8dedf0_0;  alias, 1 drivers
v000002e7ca846430_0 .net "WEn", 0 0, v000002e7ca8de990_0;  alias, 1 drivers
v000002e7ca846bb0_0 .net "WM", 7 0, v000002e7ca84f510_0;  alias, 1 drivers
v000002e7ca846110_0 .net "clk", 0 0, v000002e7ca8dd450_0;  alias, 1 drivers
v000002e7ca846e30_0 .net "rst", 0 0, v000002e7ca8dfc80_0;  alias, 1 drivers
v000002e7ca846390_0 .var "siglineEast", 7 0;
v000002e7ca846610_0 .var "siglineSouth", 7 0;
S_000002e7ca7a2510 .scope module, "C32_9" "MACUnit" 4 77, 5 27 0, S_000002e7ca86ac30;
 .timescale -9 -12;
    .port_info 0 /OUTPUT 24 "AccumulatedSum";
    .port_info 1 /OUTPUT 8 "siglineEast";
    .port_info 2 /OUTPUT 8 "siglineSouth";
    .port_info 3 /INPUT 8 "FM";
    .port_info 4 /INPUT 8 "WM";
    .port_info 5 /INPUT 24 "AddCarry";
    .port_info 6 /INPUT 1 "WEn";
    .port_info 7 /INPUT 1 "clk";
    .port_info 8 /INPUT 1 "rst";
v000002e7ca8467f0_0 .var "AccumulatedSum", 23 0;
v000002e7ca846890_0 .net "AddCarry", 23 0, v000002e7ca84e610_0;  alias, 1 drivers
v000002e7ca846930_0 .net "FM", 7 0, v000002e7ca846390_0;  alias, 1 drivers
v000002e7ca846a70_0 .net "WEn", 0 0, v000002e7ca8de990_0;  alias, 1 drivers
v000002e7ca8d8000_0 .net "WM", 7 0, v000002e7ca850190_0;  alias, 1 drivers
v000002e7ca8d7740_0 .net "clk", 0 0, v000002e7ca8dd450_0;  alias, 1 drivers
v000002e7ca8d8b40_0 .net "rst", 0 0, v000002e7ca8dfc80_0;  alias, 1 drivers
v000002e7ca8d7920_0 .var "siglineEast", 7 0;
v000002e7ca8d7b00_0 .var "siglineSouth", 7 0;
S_000002e7ca7a26a0 .scope module, "C33_10" "MACUnit" 4 78, 5 27 0, S_000002e7ca86ac30;
 .timescale -9 -12;
    .port_info 0 /OUTPUT 24 "AccumulatedSum";
    .port_info 1 /OUTPUT 8 "siglineEast";
    .port_info 2 /OUTPUT 8 "siglineSouth";
    .port_info 3 /INPUT 8 "FM";
    .port_info 4 /INPUT 8 "WM";
    .port_info 5 /INPUT 24 "AddCarry";
    .port_info 6 /INPUT 1 "WEn";
    .port_info 7 /INPUT 1 "clk";
    .port_info 8 /INPUT 1 "rst";
v000002e7ca8d8460_0 .var "AccumulatedSum", 23 0;
v000002e7ca8d8640_0 .net "AddCarry", 23 0, v000002e7ca850230_0;  alias, 1 drivers
v000002e7ca8d7e20_0 .net "FM", 7 0, v000002e7ca8d7920_0;  alias, 1 drivers
v000002e7ca8d8320_0 .net "WEn", 0 0, v000002e7ca8de990_0;  alias, 1 drivers
v000002e7ca8d7380_0 .net "WM", 7 0, v000002e7ca84e9d0_0;  alias, 1 drivers
v000002e7ca8d8be0_0 .net "clk", 0 0, v000002e7ca8dd450_0;  alias, 1 drivers
v000002e7ca8d8e60_0 .net "rst", 0 0, v000002e7ca8dfc80_0;  alias, 1 drivers
v000002e7ca8d7d80_0 .var "siglineEast", 7 0;
v000002e7ca8d8c80_0 .var "siglineSouth", 7 0;
S_000002e7ca7a2830 .scope module, "C34_11" "MACUnit" 4 79, 5 27 0, S_000002e7ca86ac30;
 .timescale -9 -12;
    .port_info 0 /OUTPUT 24 "AccumulatedSum";
    .port_info 1 /OUTPUT 8 "siglineEast";
    .port_info 2 /OUTPUT 8 "siglineSouth";
    .port_info 3 /INPUT 8 "FM";
    .port_info 4 /INPUT 8 "WM";
    .port_info 5 /INPUT 24 "AddCarry";
    .port_info 6 /INPUT 1 "WEn";
    .port_info 7 /INPUT 1 "clk";
    .port_info 8 /INPUT 1 "rst";
v000002e7ca8d8780_0 .var "AccumulatedSum", 23 0;
v000002e7ca8d8d20_0 .net "AddCarry", 23 0, v000002e7ca84eed0_0;  alias, 1 drivers
v000002e7ca8d8dc0_0 .net "FM", 7 0, v000002e7ca8d7d80_0;  alias, 1 drivers
v000002e7ca8d76a0_0 .net "WEn", 0 0, v000002e7ca8de990_0;  alias, 1 drivers
v000002e7ca8d7ba0_0 .net "WM", 7 0, v000002e7ca846b10_0;  alias, 1 drivers
v000002e7ca8d83c0_0 .net "clk", 0 0, v000002e7ca8dd450_0;  alias, 1 drivers
v000002e7ca8d8a00_0 .net "rst", 0 0, v000002e7ca8dfc80_0;  alias, 1 drivers
v000002e7ca8d7ec0_0 .var "siglineEast", 7 0;
v000002e7ca8d7a60_0 .var "siglineSouth", 7 0;
S_000002e7ca8653b0 .scope module, "C41_12" "MACUnit" 4 69, 5 27 0, S_000002e7ca86ac30;
 .timescale -9 -12;
    .port_info 0 /OUTPUT 24 "AccumulatedSum";
    .port_info 1 /OUTPUT 8 "siglineEast";
    .port_info 2 /OUTPUT 8 "siglineSouth";
    .port_info 3 /INPUT 8 "FM";
    .port_info 4 /INPUT 8 "WM";
    .port_info 5 /INPUT 24 "AddCarry";
    .port_info 6 /INPUT 1 "WEn";
    .port_info 7 /INPUT 1 "clk";
    .port_info 8 /INPUT 1 "rst";
v000002e7ca8d8aa0_0 .var "AccumulatedSum", 23 0;
v000002e7ca8d85a0_0 .net "AddCarry", 23 0, v000002e7ca847010_0;  alias, 1 drivers
v000002e7ca8d7060_0 .net "FM", 7 0, v000002e7ca8de2b0_0;  alias, 1 drivers
v000002e7ca8d8f00_0 .net "WEn", 0 0, v000002e7ca8de990_0;  alias, 1 drivers
v000002e7ca8d74c0_0 .net "WM", 7 0, v000002e7ca846610_0;  alias, 1 drivers
v000002e7ca8d86e0_0 .net "clk", 0 0, v000002e7ca8dd450_0;  alias, 1 drivers
v000002e7ca8d8820_0 .net "rst", 0 0, v000002e7ca8dfc80_0;  alias, 1 drivers
v000002e7ca8d71a0_0 .var "siglineEast", 7 0;
v000002e7ca8d72e0_0 .var "siglineSouth", 7 0;
S_000002e7ca865540 .scope module, "C41_Avt12" "ActivationUnit" 4 134, 6 1 0, S_000002e7ca86ac30;
 .timescale -9 -12;
    .port_info 0 /OUTPUT 8 "data_out";
    .port_info 1 /INPUT 1 "clk";
    .port_info 2 /INPUT 1 "rst";
    .port_info 3 /INPUT 8 "data_in";
v000002e7ca8d79c0_0 .net "clk", 0 0, v000002e7ca8dd450_0;  alias, 1 drivers
v000002e7ca8d77e0_0 .net "data_in", 7 0, v000002e7ca8d8140_0;  alias, 1 drivers
v000002e7ca8d7240_0 .var "data_out", 7 0;
v000002e7ca8d88c0_0 .net "rst", 0 0, v000002e7ca8dfc80_0;  alias, 1 drivers
S_000002e7ca88ead0 .scope module, "C41_Q12" "QuantizationUnit" 4 127, 7 1 0, S_000002e7ca86ac30;
 .timescale -9 -12;
    .port_info 0 /OUTPUT 8 "output_data";
    .port_info 1 /INPUT 1 "clk";
    .port_info 2 /INPUT 1 "rst";
    .port_info 3 /INPUT 24 "input_data";
v000002e7ca8d8960_0 .net "clk", 0 0, v000002e7ca8dd450_0;  alias, 1 drivers
v000002e7ca8d7c40_0 .net "input_data", 23 0, v000002e7ca8d8aa0_0;  alias, 1 drivers
v000002e7ca8d8140_0 .var "output_data", 7 0;
v000002e7ca8d7420_0 .net "rst", 0 0, v000002e7ca8dfc80_0;  alias, 1 drivers
E_000002e7ca869270/0 .event anyedge, v000002e7ca860780_0;
E_000002e7ca869270/1 .event posedge, v000002e7ca860dc0_0;
E_000002e7ca869270 .event/or E_000002e7ca869270/0, E_000002e7ca869270/1;
S_000002e7ca88e170 .scope module, "C42_13" "MACUnit" 4 82, 5 27 0, S_000002e7ca86ac30;
 .timescale -9 -12;
    .port_info 0 /OUTPUT 24 "AccumulatedSum";
    .port_info 1 /OUTPUT 8 "siglineEast";
    .port_info 2 /OUTPUT 8 "siglineSouth";
    .port_info 3 /INPUT 8 "FM";
    .port_info 4 /INPUT 8 "WM";
    .port_info 5 /INPUT 24 "AddCarry";
    .port_info 6 /INPUT 1 "WEn";
    .port_info 7 /INPUT 1 "clk";
    .port_info 8 /INPUT 1 "rst";
v000002e7ca8d7600_0 .var "AccumulatedSum", 23 0;
v000002e7ca8d7880_0 .net "AddCarry", 23 0, v000002e7ca8467f0_0;  alias, 1 drivers
v000002e7ca8d7ce0_0 .net "FM", 7 0, v000002e7ca8d71a0_0;  alias, 1 drivers
v000002e7ca8d81e0_0 .net "WEn", 0 0, v000002e7ca8de990_0;  alias, 1 drivers
v000002e7ca8d7f60_0 .net "WM", 7 0, v000002e7ca8d7b00_0;  alias, 1 drivers
v000002e7ca8d8280_0 .net "clk", 0 0, v000002e7ca8dd450_0;  alias, 1 drivers
v000002e7ca8daab0_0 .net "rst", 0 0, v000002e7ca8dfc80_0;  alias, 1 drivers
v000002e7ca8d9d90_0 .var "siglineEast", 7 0;
v000002e7ca8d96b0_0 .var "siglineSouth", 7 0;
S_000002e7ca88e940 .scope module, "C42_Avt13" "ActivationUnit" 4 135, 6 1 0, S_000002e7ca86ac30;
 .timescale -9 -12;
    .port_info 0 /OUTPUT 8 "data_out";
    .port_info 1 /INPUT 1 "clk";
    .port_info 2 /INPUT 1 "rst";
    .port_info 3 /INPUT 8 "data_in";
v000002e7ca8d94d0_0 .net "clk", 0 0, v000002e7ca8dd450_0;  alias, 1 drivers
v000002e7ca8d9610_0 .net "data_in", 7 0, v000002e7ca8d9390_0;  alias, 1 drivers
v000002e7ca8da330_0 .var "data_out", 7 0;
v000002e7ca8da3d0_0 .net "rst", 0 0, v000002e7ca8dfc80_0;  alias, 1 drivers
S_000002e7ca88e490 .scope module, "C42_Q13" "QuantizationUnit" 4 128, 7 1 0, S_000002e7ca86ac30;
 .timescale -9 -12;
    .port_info 0 /OUTPUT 8 "output_data";
    .port_info 1 /INPUT 1 "clk";
    .port_info 2 /INPUT 1 "rst";
    .port_info 3 /INPUT 24 "input_data";
v000002e7ca8da0b0_0 .net "clk", 0 0, v000002e7ca8dd450_0;  alias, 1 drivers
v000002e7ca8da1f0_0 .net "input_data", 23 0, v000002e7ca8d7600_0;  alias, 1 drivers
v000002e7ca8d9390_0 .var "output_data", 7 0;
v000002e7ca8dab50_0 .net "rst", 0 0, v000002e7ca8dfc80_0;  alias, 1 drivers
S_000002e7ca88ec60 .scope module, "C43_14" "MACUnit" 4 83, 5 27 0, S_000002e7ca86ac30;
 .timescale -9 -12;
    .port_info 0 /OUTPUT 24 "AccumulatedSum";
    .port_info 1 /OUTPUT 8 "siglineEast";
    .port_info 2 /OUTPUT 8 "siglineSouth";
    .port_info 3 /INPUT 8 "FM";
    .port_info 4 /INPUT 8 "WM";
    .port_info 5 /INPUT 24 "AddCarry";
    .port_info 6 /INPUT 1 "WEn";
    .port_info 7 /INPUT 1 "clk";
    .port_info 8 /INPUT 1 "rst";
v000002e7ca8d9070_0 .var "AccumulatedSum", 23 0;
v000002e7ca8d9930_0 .net "AddCarry", 23 0, v000002e7ca8d8460_0;  alias, 1 drivers
v000002e7ca8daf10_0 .net "FM", 7 0, v000002e7ca8d9d90_0;  alias, 1 drivers
v000002e7ca8da830_0 .net "WEn", 0 0, v000002e7ca8de990_0;  alias, 1 drivers
v000002e7ca8d9750_0 .net "WM", 7 0, v000002e7ca8d8c80_0;  alias, 1 drivers
v000002e7ca8dadd0_0 .net "clk", 0 0, v000002e7ca8dd450_0;  alias, 1 drivers
v000002e7ca8dae70_0 .net "rst", 0 0, v000002e7ca8dfc80_0;  alias, 1 drivers
v000002e7ca8da510_0 .var "siglineEast", 7 0;
v000002e7ca8da290_0 .var "siglineSouth", 7 0;
S_000002e7ca88dfe0 .scope module, "C43_Avt14" "ActivationUnit" 4 136, 6 1 0, S_000002e7ca86ac30;
 .timescale -9 -12;
    .port_info 0 /OUTPUT 8 "data_out";
    .port_info 1 /INPUT 1 "clk";
    .port_info 2 /INPUT 1 "rst";
    .port_info 3 /INPUT 8 "data_in";
v000002e7ca8da650_0 .net "clk", 0 0, v000002e7ca8dd450_0;  alias, 1 drivers
v000002e7ca8d9e30_0 .net "data_in", 7 0, v000002e7ca8d9570_0;  alias, 1 drivers
v000002e7ca8da470_0 .var "data_out", 7 0;
v000002e7ca8da5b0_0 .net "rst", 0 0, v000002e7ca8dfc80_0;  alias, 1 drivers
S_000002e7ca88edf0 .scope module, "C43_Q14" "QuantizationUnit" 4 129, 7 1 0, S_000002e7ca86ac30;
 .timescale -9 -12;
    .port_info 0 /OUTPUT 8 "output_data";
    .port_info 1 /INPUT 1 "clk";
    .port_info 2 /INPUT 1 "rst";
    .port_info 3 /INPUT 24 "input_data";
v000002e7ca8da150_0 .net "clk", 0 0, v000002e7ca8dd450_0;  alias, 1 drivers
v000002e7ca8da6f0_0 .net "input_data", 23 0, v000002e7ca8d9070_0;  alias, 1 drivers
v000002e7ca8d9570_0 .var "output_data", 7 0;
v000002e7ca8d9110_0 .net "rst", 0 0, v000002e7ca8dfc80_0;  alias, 1 drivers
S_000002e7ca88e300 .scope module, "C44_15" "MACUnit" 4 84, 5 27 0, S_000002e7ca86ac30;
 .timescale -9 -12;
    .port_info 0 /OUTPUT 24 "AccumulatedSum";
    .port_info 1 /OUTPUT 8 "siglineEast";
    .port_info 2 /OUTPUT 8 "siglineSouth";
    .port_info 3 /INPUT 8 "FM";
    .port_info 4 /INPUT 8 "WM";
    .port_info 5 /INPUT 24 "AddCarry";
    .port_info 6 /INPUT 1 "WEn";
    .port_info 7 /INPUT 1 "clk";
    .port_info 8 /INPUT 1 "rst";
v000002e7ca8d9f70_0 .var "AccumulatedSum", 23 0;
v000002e7ca8da790_0 .net "AddCarry", 23 0, v000002e7ca8d8780_0;  alias, 1 drivers
v000002e7ca8d9c50_0 .net "FM", 7 0, v000002e7ca8da510_0;  alias, 1 drivers
v000002e7ca8d97f0_0 .net "WEn", 0 0, v000002e7ca8de990_0;  alias, 1 drivers
v000002e7ca8da8d0_0 .net "WM", 7 0, v000002e7ca8d7a60_0;  alias, 1 drivers
v000002e7ca8da970_0 .net "clk", 0 0, v000002e7ca8dd450_0;  alias, 1 drivers
v000002e7ca8d9430_0 .net "rst", 0 0, v000002e7ca8dfc80_0;  alias, 1 drivers
v000002e7ca8da010_0 .var "siglineEast", 7 0;
v000002e7ca8daa10_0 .var "siglineSouth", 7 0;
S_000002e7ca88e620 .scope module, "C44_Avt15" "ActivationUnit" 4 137, 6 1 0, S_000002e7ca86ac30;
 .timescale -9 -12;
    .port_info 0 /OUTPUT 8 "data_out";
    .port_info 1 /INPUT 1 "clk";
    .port_info 2 /INPUT 1 "rst";
    .port_info 3 /INPUT 8 "data_in";
v000002e7ca8dabf0_0 .net "clk", 0 0, v000002e7ca8dd450_0;  alias, 1 drivers
v000002e7ca8d9890_0 .net "data_in", 7 0, v000002e7ca8d99d0_0;  alias, 1 drivers
v000002e7ca8d9ed0_0 .var "data_out", 7 0;
v000002e7ca8dad30_0 .net "rst", 0 0, v000002e7ca8dfc80_0;  alias, 1 drivers
S_000002e7ca88e7b0 .scope module, "C44_Q15" "QuantizationUnit" 4 130, 7 1 0, S_000002e7ca86ac30;
 .timescale -9 -12;
    .port_info 0 /OUTPUT 8 "output_data";
    .port_info 1 /INPUT 1 "clk";
    .port_info 2 /INPUT 1 "rst";
    .port_info 3 /INPUT 24 "input_data";
v000002e7ca8dac90_0 .net "clk", 0 0, v000002e7ca8dd450_0;  alias, 1 drivers
v000002e7ca8d91b0_0 .net "input_data", 23 0, v000002e7ca8d9f70_0;  alias, 1 drivers
v000002e7ca8d99d0_0 .var "output_data", 7 0;
v000002e7ca8d9250_0 .net "rst", 0 0, v000002e7ca8dfc80_0;  alias, 1 drivers
    .scope S_000002e7ca845e40;
T_0 ;
    %wait E_000002e7ca869230;
    %load/vec4 v000002e7ca85fd80_0;
    %pad/u 24;
    %load/vec4 v000002e7ca860e60_0;
    %pad/u 24;
    %mul;
    %load/vec4 v000002e7ca860d20_0;
    %add;
    %assign/vec4 v000002e7ca85f7e0_0, 0;
    %jmp T_0;
    .thread T_0;
    .scope S_000002e7ca845e40;
T_1 ;
    %wait E_000002e7ca869230;
    %load/vec4 v000002e7ca860780_0;
    %flag_set/vec4 8;
    %jmp/0xz  T_1.0, 8;
    %pushi/vec4 0, 0, 8;
    %assign/vec4 v000002e7ca85fd80_0, 0;
    %pushi/vec4 0, 0, 8;
    %assign/vec4 v000002e7ca860e60_0, 0;
    %jmp T_1.1;
T_1.0 ;
    %load/vec4 v000002e7ca85fe20_0;
    %assign/vec4 v000002e7ca85fd80_0, 0;
    %load/vec4 v000002e7ca860aa0_0;
    %pad/u 32;
    %cmpi/e 1, 0, 32;
    %jmp/0xz  T_1.2, 4;
    %load/vec4 v000002e7ca861220_0;
    %assign/vec4 v000002e7ca860e60_0, 0;
    %jmp T_1.3;
T_1.2 ;
    %load/vec4 v000002e7ca860e60_0;
    %assign/vec4 v000002e7ca860e60_0, 0;
T_1.3 ;
T_1.1 ;
    %jmp T_1;
    .thread T_1;
    .scope S_000002e7ca8795d0;
T_2 ;
    %wait E_000002e7ca869230;
    %load/vec4 v000002e7ca860960_0;
    %pad/u 24;
    %load/vec4 v000002e7ca860280_0;
    %pad/u 24;
    %mul;
    %load/vec4 v000002e7ca860140_0;
    %add;
    %assign/vec4 v000002e7ca860fa0_0, 0;
    %jmp T_2;
    .thread T_2;
    .scope S_000002e7ca8795d0;
T_3 ;
    %wait E_000002e7ca869230;
    %load/vec4 v000002e7ca860320_0;
    %flag_set/vec4 8;
    %jmp/0xz  T_3.0, 8;
    %pushi/vec4 0, 0, 8;
    %assign/vec4 v000002e7ca860960_0, 0;
    %pushi/vec4 0, 0, 8;
    %assign/vec4 v000002e7ca860280_0, 0;
    %jmp T_3.1;
T_3.0 ;
    %load/vec4 v000002e7ca8601e0_0;
    %assign/vec4 v000002e7ca860960_0, 0;
    %load/vec4 v000002e7ca860f00_0;
    %pad/u 32;
    %cmpi/e 1, 0, 32;
    %jmp/0xz  T_3.2, 4;
    %load/vec4 v000002e7ca85fc40_0;
    %assign/vec4 v000002e7ca860280_0, 0;
    %jmp T_3.3;
T_3.2 ;
    %load/vec4 v000002e7ca860280_0;
    %assign/vec4 v000002e7ca860280_0, 0;
T_3.3 ;
T_3.1 ;
    %jmp T_3;
    .thread T_3;
    .scope S_000002e7ca879760;
T_4 ;
    %wait E_000002e7ca869230;
    %load/vec4 v000002e7ca8614a0_0;
    %pad/u 24;
    %load/vec4 v000002e7ca85f6a0_0;
    %pad/u 24;
    %mul;
    %load/vec4 v000002e7ca860000_0;
    %add;
    %assign/vec4 v000002e7ca85fec0_0, 0;
    %jmp T_4;
    .thread T_4;
    .scope S_000002e7ca879760;
T_5 ;
    %wait E_000002e7ca869230;
    %load/vec4 v000002e7ca85f600_0;
    %flag_set/vec4 8;
    %jmp/0xz  T_5.0, 8;
    %pushi/vec4 0, 0, 8;
    %assign/vec4 v000002e7ca8614a0_0, 0;
    %pushi/vec4 0, 0, 8;
    %assign/vec4 v000002e7ca85f6a0_0, 0;
    %jmp T_5.1;
T_5.0 ;
    %load/vec4 v000002e7ca860640_0;
    %assign/vec4 v000002e7ca8614a0_0, 0;
    %load/vec4 v000002e7ca85fce0_0;
    %pad/u 32;
    %cmpi/e 1, 0, 32;
    %jmp/0xz  T_5.2, 4;
    %load/vec4 v000002e7ca8612c0_0;
    %assign/vec4 v000002e7ca85f6a0_0, 0;
    %jmp T_5.3;
T_5.2 ;
    %load/vec4 v000002e7ca85f6a0_0;
    %assign/vec4 v000002e7ca85f6a0_0, 0;
T_5.3 ;
T_5.1 ;
    %jmp T_5;
    .thread T_5;
    .scope S_000002e7ca802e80;
T_6 ;
    %wait E_000002e7ca869230;
    %load/vec4 v000002e7ca84f290_0;
    %pad/u 24;
    %load/vec4 v000002e7ca84ecf0_0;
    %pad/u 24;
    %mul;
    %load/vec4 v000002e7ca85f9c0_0;
    %add;
    %assign/vec4 v000002e7ca85fba0_0, 0;
    %jmp T_6;
    .thread T_6;
    .scope S_000002e7ca802e80;
T_7 ;
    %wait E_000002e7ca869230;
    %load/vec4 v000002e7ca84fdd0_0;
    %flag_set/vec4 8;
    %jmp/0xz  T_7.0, 8;
    %pushi/vec4 0, 0, 8;
    %assign/vec4 v000002e7ca84f290_0, 0;
    %pushi/vec4 0, 0, 8;
    %assign/vec4 v000002e7ca84ecf0_0, 0;
    %jmp T_7.1;
T_7.0 ;
    %load/vec4 v000002e7ca8600a0_0;
    %assign/vec4 v000002e7ca84f290_0, 0;
    %load/vec4 v000002e7ca8606e0_0;
    %pad/u 32;
    %cmpi/e 1, 0, 32;
    %jmp/0xz  T_7.2, 4;
    %load/vec4 v000002e7ca860a00_0;
    %assign/vec4 v000002e7ca84ecf0_0, 0;
    %jmp T_7.3;
T_7.2 ;
    %load/vec4 v000002e7ca84ecf0_0;
    %assign/vec4 v000002e7ca84ecf0_0, 0;
T_7.3 ;
T_7.1 ;
    %jmp T_7;
    .thread T_7;
    .scope S_000002e7ca803010;
T_8 ;
    %wait E_000002e7ca869230;
    %load/vec4 v000002e7ca850410_0;
    %pad/u 24;
    %load/vec4 v000002e7ca84f510_0;
    %pad/u 24;
    %mul;
    %load/vec4 v000002e7ca84f970_0;
    %add;
    %assign/vec4 v000002e7ca84f3d0_0, 0;
    %jmp T_8;
    .thread T_8;
    .scope S_000002e7ca803010;
T_9 ;
    %wait E_000002e7ca869230;
    %load/vec4 v000002e7ca84fa10_0;
    %flag_set/vec4 8;
    %jmp/0xz  T_9.0, 8;
    %pushi/vec4 0, 0, 8;
    %assign/vec4 v000002e7ca850410_0, 0;
    %pushi/vec4 0, 0, 8;
    %assign/vec4 v000002e7ca84f510_0, 0;
    %jmp T_9.1;
T_9.0 ;
    %load/vec4 v000002e7ca84fb50_0;
    %assign/vec4 v000002e7ca850410_0, 0;
    %load/vec4 v000002e7ca84f330_0;
    %pad/u 32;
    %cmpi/e 1, 0, 32;
    %jmp/0xz  T_9.2, 4;
    %load/vec4 v000002e7ca84f650_0;
    %assign/vec4 v000002e7ca84f510_0, 0;
    %jmp T_9.3;
T_9.2 ;
    %load/vec4 v000002e7ca84f510_0;
    %assign/vec4 v000002e7ca84f510_0, 0;
T_9.3 ;
T_9.1 ;
    %jmp T_9;
    .thread T_9;
    .scope S_000002e7ca81c570;
T_10 ;
    %wait E_000002e7ca869230;
    %load/vec4 v000002e7ca846390_0;
    %pad/u 24;
    %load/vec4 v000002e7ca846610_0;
    %pad/u 24;
    %mul;
    %load/vec4 v000002e7ca8469d0_0;
    %add;
    %assign/vec4 v000002e7ca847010_0, 0;
    %jmp T_10;
    .thread T_10;
    .scope S_000002e7ca81c570;
T_11 ;
    %wait E_000002e7ca869230;
    %load/vec4 v000002e7ca846e30_0;
    %flag_set/vec4 8;
    %jmp/0xz  T_11.0, 8;
    %pushi/vec4 0, 0, 8;
    %assign/vec4 v000002e7ca846390_0, 0;
    %pushi/vec4 0, 0, 8;
    %assign/vec4 v000002e7ca846610_0, 0;
    %jmp T_11.1;
T_11.0 ;
    %load/vec4 v000002e7ca8462f0_0;
    %assign/vec4 v000002e7ca846390_0, 0;
    %load/vec4 v000002e7ca846430_0;
    %pad/u 32;
    %cmpi/e 1, 0, 32;
    %jmp/0xz  T_11.2, 4;
    %load/vec4 v000002e7ca846bb0_0;
    %assign/vec4 v000002e7ca846610_0, 0;
    %jmp T_11.3;
T_11.2 ;
    %load/vec4 v000002e7ca846610_0;
    %assign/vec4 v000002e7ca846610_0, 0;
T_11.3 ;
T_11.1 ;
    %jmp T_11;
    .thread T_11;
    .scope S_000002e7ca8653b0;
T_12 ;
    %wait E_000002e7ca869230;
    %load/vec4 v000002e7ca8d71a0_0;
    %pad/u 24;
    %load/vec4 v000002e7ca8d72e0_0;
    %pad/u 24;
    %mul;
    %load/vec4 v000002e7ca8d85a0_0;
    %add;
    %assign/vec4 v000002e7ca8d8aa0_0, 0;
    %jmp T_12;
    .thread T_12;
    .scope S_000002e7ca8653b0;
T_13 ;
    %wait E_000002e7ca869230;
    %load/vec4 v000002e7ca8d8820_0;
    %flag_set/vec4 8;
    %jmp/0xz  T_13.0, 8;
    %pushi/vec4 0, 0, 8;
    %assign/vec4 v000002e7ca8d71a0_0, 0;
    %pushi/vec4 0, 0, 8;
    %assign/vec4 v000002e7ca8d72e0_0, 0;
    %jmp T_13.1;
T_13.0 ;
    %load/vec4 v000002e7ca8d7060_0;
    %assign/vec4 v000002e7ca8d71a0_0, 0;
    %load/vec4 v000002e7ca8d8f00_0;
    %pad/u 32;
    %cmpi/e 1, 0, 32;
    %jmp/0xz  T_13.2, 4;
    %load/vec4 v000002e7ca8d74c0_0;
    %assign/vec4 v000002e7ca8d72e0_0, 0;
    %jmp T_13.3;
T_13.2 ;
    %load/vec4 v000002e7ca8d72e0_0;
    %assign/vec4 v000002e7ca8d72e0_0, 0;
T_13.3 ;
T_13.1 ;
    %jmp T_13;
    .thread T_13;
    .scope S_000002e7ca8031a0;
T_14 ;
    %wait E_000002e7ca869230;
    %load/vec4 v000002e7ca8500f0_0;
    %pad/u 24;
    %load/vec4 v000002e7ca850190_0;
    %pad/u 24;
    %mul;
    %load/vec4 v000002e7ca84ff10_0;
    %add;
    %assign/vec4 v000002e7ca84e610_0, 0;
    %jmp T_14;
    .thread T_14;
    .scope S_000002e7ca8031a0;
T_15 ;
    %wait E_000002e7ca869230;
    %load/vec4 v000002e7ca84f8d0_0;
    %flag_set/vec4 8;
    %jmp/0xz  T_15.0, 8;
    %pushi/vec4 0, 0, 8;
    %assign/vec4 v000002e7ca8500f0_0, 0;
    %pushi/vec4 0, 0, 8;
    %assign/vec4 v000002e7ca850190_0, 0;
    %jmp T_15.1;
T_15.0 ;
    %load/vec4 v000002e7ca84ffb0_0;
    %assign/vec4 v000002e7ca8500f0_0, 0;
    %load/vec4 v000002e7ca84e750_0;
    %pad/u 32;
    %cmpi/e 1, 0, 32;
    %jmp/0xz  T_15.2, 4;
    %load/vec4 v000002e7ca84ebb0_0;
    %assign/vec4 v000002e7ca850190_0, 0;
    %jmp T_15.3;
T_15.2 ;
    %load/vec4 v000002e7ca850190_0;
    %assign/vec4 v000002e7ca850190_0, 0;
T_15.3 ;
T_15.1 ;
    %jmp T_15;
    .thread T_15;
    .scope S_000002e7ca81c250;
T_16 ;
    %wait E_000002e7ca869230;
    %load/vec4 v000002e7ca84e7f0_0;
    %pad/u 24;
    %load/vec4 v000002e7ca84e9d0_0;
    %pad/u 24;
    %mul;
    %load/vec4 v000002e7ca84f0b0_0;
    %add;
    %assign/vec4 v000002e7ca850230_0, 0;
    %jmp T_16;
    .thread T_16;
    .scope S_000002e7ca81c250;
T_17 ;
    %wait E_000002e7ca869230;
    %load/vec4 v000002e7ca84e570_0;
    %flag_set/vec4 8;
    %jmp/0xz  T_17.0, 8;
    %pushi/vec4 0, 0, 8;
    %assign/vec4 v000002e7ca84e7f0_0, 0;
    %pushi/vec4 0, 0, 8;
    %assign/vec4 v000002e7ca84e9d0_0, 0;
    %jmp T_17.1;
T_17.0 ;
    %load/vec4 v000002e7ca84e6b0_0;
    %assign/vec4 v000002e7ca84e7f0_0, 0;
    %load/vec4 v000002e7ca84f830_0;
    %pad/u 32;
    %cmpi/e 1, 0, 32;
    %jmp/0xz  T_17.2, 4;
    %load/vec4 v000002e7ca8502d0_0;
    %assign/vec4 v000002e7ca84e9d0_0, 0;
    %jmp T_17.3;
T_17.2 ;
    %load/vec4 v000002e7ca84e9d0_0;
    %assign/vec4 v000002e7ca84e9d0_0, 0;
T_17.3 ;
T_17.1 ;
    %jmp T_17;
    .thread T_17;
    .scope S_000002e7ca81c3e0;
T_18 ;
    %wait E_000002e7ca869230;
    %load/vec4 v000002e7ca8466b0_0;
    %pad/u 24;
    %load/vec4 v000002e7ca846b10_0;
    %pad/u 24;
    %mul;
    %load/vec4 v000002e7ca84ef70_0;
    %add;
    %assign/vec4 v000002e7ca84eed0_0, 0;
    %jmp T_18;
    .thread T_18;
    .scope S_000002e7ca81c3e0;
T_19 ;
    %wait E_000002e7ca869230;
    %load/vec4 v000002e7ca846f70_0;
    %flag_set/vec4 8;
    %jmp/0xz  T_19.0, 8;
    %pushi/vec4 0, 0, 8;
    %assign/vec4 v000002e7ca8466b0_0, 0;
    %pushi/vec4 0, 0, 8;
    %assign/vec4 v000002e7ca846b10_0, 0;
    %jmp T_19.1;
T_19.0 ;
    %load/vec4 v000002e7ca84f010_0;
    %assign/vec4 v000002e7ca8466b0_0, 0;
    %load/vec4 v000002e7ca84f150_0;
    %pad/u 32;
    %cmpi/e 1, 0, 32;
    %jmp/0xz  T_19.2, 4;
    %load/vec4 v000002e7ca846cf0_0;
    %assign/vec4 v000002e7ca846b10_0, 0;
    %jmp T_19.3;
T_19.2 ;
    %load/vec4 v000002e7ca846b10_0;
    %assign/vec4 v000002e7ca846b10_0, 0;
T_19.3 ;
T_19.1 ;
    %jmp T_19;
    .thread T_19;
    .scope S_000002e7ca7a2510;
T_20 ;
    %wait E_000002e7ca869230;
    %load/vec4 v000002e7ca8d7920_0;
    %pad/u 24;
    %load/vec4 v000002e7ca8d7b00_0;
    %pad/u 24;
    %mul;
    %load/vec4 v000002e7ca846890_0;
    %add;
    %assign/vec4 v000002e7ca8467f0_0, 0;
    %jmp T_20;
    .thread T_20;
    .scope S_000002e7ca7a2510;
T_21 ;
    %wait E_000002e7ca869230;
    %load/vec4 v000002e7ca8d8b40_0;
    %flag_set/vec4 8;
    %jmp/0xz  T_21.0, 8;
    %pushi/vec4 0, 0, 8;
    %assign/vec4 v000002e7ca8d7920_0, 0;
    %pushi/vec4 0, 0, 8;
    %assign/vec4 v000002e7ca8d7b00_0, 0;
    %jmp T_21.1;
T_21.0 ;
    %load/vec4 v000002e7ca846930_0;
    %assign/vec4 v000002e7ca8d7920_0, 0;
    %load/vec4 v000002e7ca846a70_0;
    %pad/u 32;
    %cmpi/e 1, 0, 32;
    %jmp/0xz  T_21.2, 4;
    %load/vec4 v000002e7ca8d8000_0;
    %assign/vec4 v000002e7ca8d7b00_0, 0;
    %jmp T_21.3;
T_21.2 ;
    %load/vec4 v000002e7ca8d7b00_0;
    %assign/vec4 v000002e7ca8d7b00_0, 0;
T_21.3 ;
T_21.1 ;
    %jmp T_21;
    .thread T_21;
    .scope S_000002e7ca7a26a0;
T_22 ;
    %wait E_000002e7ca869230;
    %load/vec4 v000002e7ca8d7d80_0;
    %pad/u 24;
    %load/vec4 v000002e7ca8d8c80_0;
    %pad/u 24;
    %mul;
    %load/vec4 v000002e7ca8d8640_0;
    %add;
    %assign/vec4 v000002e7ca8d8460_0, 0;
    %jmp T_22;
    .thread T_22;
    .scope S_000002e7ca7a26a0;
T_23 ;
    %wait E_000002e7ca869230;
    %load/vec4 v000002e7ca8d8e60_0;
    %flag_set/vec4 8;
    %jmp/0xz  T_23.0, 8;
    %pushi/vec4 0, 0, 8;
    %assign/vec4 v000002e7ca8d7d80_0, 0;
    %pushi/vec4 0, 0, 8;
    %assign/vec4 v000002e7ca8d8c80_0, 0;
    %jmp T_23.1;
T_23.0 ;
    %load/vec4 v000002e7ca8d7e20_0;
    %assign/vec4 v000002e7ca8d7d80_0, 0;
    %load/vec4 v000002e7ca8d8320_0;
    %pad/u 32;
    %cmpi/e 1, 0, 32;
    %jmp/0xz  T_23.2, 4;
    %load/vec4 v000002e7ca8d7380_0;
    %assign/vec4 v000002e7ca8d8c80_0, 0;
    %jmp T_23.3;
T_23.2 ;
    %load/vec4 v000002e7ca8d8c80_0;
    %assign/vec4 v000002e7ca8d8c80_0, 0;
T_23.3 ;
T_23.1 ;
    %jmp T_23;
    .thread T_23;
    .scope S_000002e7ca7a2830;
T_24 ;
    %wait E_000002e7ca869230;
    %load/vec4 v000002e7ca8d7ec0_0;
    %pad/u 24;
    %load/vec4 v000002e7ca8d7a60_0;
    %pad/u 24;
    %mul;
    %load/vec4 v000002e7ca8d8d20_0;
    %add;
    %assign/vec4 v000002e7ca8d8780_0, 0;
    %jmp T_24;
    .thread T_24;
    .scope S_000002e7ca7a2830;
T_25 ;
    %wait E_000002e7ca869230;
    %load/vec4 v000002e7ca8d8a00_0;
    %flag_set/vec4 8;
    %jmp/0xz  T_25.0, 8;
    %pushi/vec4 0, 0, 8;
    %assign/vec4 v000002e7ca8d7ec0_0, 0;
    %pushi/vec4 0, 0, 8;
    %assign/vec4 v000002e7ca8d7a60_0, 0;
    %jmp T_25.1;
T_25.0 ;
    %load/vec4 v000002e7ca8d8dc0_0;
    %assign/vec4 v000002e7ca8d7ec0_0, 0;
    %load/vec4 v000002e7ca8d76a0_0;
    %pad/u 32;
    %cmpi/e 1, 0, 32;
    %jmp/0xz  T_25.2, 4;
    %load/vec4 v000002e7ca8d7ba0_0;
    %assign/vec4 v000002e7ca8d7a60_0, 0;
    %jmp T_25.3;
T_25.2 ;
    %load/vec4 v000002e7ca8d7a60_0;
    %assign/vec4 v000002e7ca8d7a60_0, 0;
T_25.3 ;
T_25.1 ;
    %jmp T_25;
    .thread T_25;
    .scope S_000002e7ca88e170;
T_26 ;
    %wait E_000002e7ca869230;
    %load/vec4 v000002e7ca8d9d90_0;
    %pad/u 24;
    %load/vec4 v000002e7ca8d96b0_0;
    %pad/u 24;
    %mul;
    %load/vec4 v000002e7ca8d7880_0;
    %add;
    %assign/vec4 v000002e7ca8d7600_0, 0;
    %jmp T_26;
    .thread T_26;
    .scope S_000002e7ca88e170;
T_27 ;
    %wait E_000002e7ca869230;
    %load/vec4 v000002e7ca8daab0_0;
    %flag_set/vec4 8;
    %jmp/0xz  T_27.0, 8;
    %pushi/vec4 0, 0, 8;
    %assign/vec4 v000002e7ca8d9d90_0, 0;
    %pushi/vec4 0, 0, 8;
    %assign/vec4 v000002e7ca8d96b0_0, 0;
    %jmp T_27.1;
T_27.0 ;
    %load/vec4 v000002e7ca8d7ce0_0;
    %assign/vec4 v000002e7ca8d9d90_0, 0;
    %load/vec4 v000002e7ca8d81e0_0;
    %pad/u 32;
    %cmpi/e 1, 0, 32;
    %jmp/0xz  T_27.2, 4;
    %load/vec4 v000002e7ca8d7f60_0;
    %assign/vec4 v000002e7ca8d96b0_0, 0;
    %jmp T_27.3;
T_27.2 ;
    %load/vec4 v000002e7ca8d96b0_0;
    %assign/vec4 v000002e7ca8d96b0_0, 0;
T_27.3 ;
T_27.1 ;
    %jmp T_27;
    .thread T_27;
    .scope S_000002e7ca88ec60;
T_28 ;
    %wait E_000002e7ca869230;
    %load/vec4 v000002e7ca8da510_0;
    %pad/u 24;
    %load/vec4 v000002e7ca8da290_0;
    %pad/u 24;
    %mul;
    %load/vec4 v000002e7ca8d9930_0;
    %add;
    %assign/vec4 v000002e7ca8d9070_0, 0;
    %jmp T_28;
    .thread T_28;
    .scope S_000002e7ca88ec60;
T_29 ;
    %wait E_000002e7ca869230;
    %load/vec4 v000002e7ca8dae70_0;
    %flag_set/vec4 8;
    %jmp/0xz  T_29.0, 8;
    %pushi/vec4 0, 0, 8;
    %assign/vec4 v000002e7ca8da510_0, 0;
    %pushi/vec4 0, 0, 8;
    %assign/vec4 v000002e7ca8da290_0, 0;
    %jmp T_29.1;
T_29.0 ;
    %load/vec4 v000002e7ca8daf10_0;
    %assign/vec4 v000002e7ca8da510_0, 0;
    %load/vec4 v000002e7ca8da830_0;
    %pad/u 32;
    %cmpi/e 1, 0, 32;
    %jmp/0xz  T_29.2, 4;
    %load/vec4 v000002e7ca8d9750_0;
    %assign/vec4 v000002e7ca8da290_0, 0;
    %jmp T_29.3;
T_29.2 ;
    %load/vec4 v000002e7ca8da290_0;
    %assign/vec4 v000002e7ca8da290_0, 0;
T_29.3 ;
T_29.1 ;
    %jmp T_29;
    .thread T_29;
    .scope S_000002e7ca88e300;
T_30 ;
    %wait E_000002e7ca869230;
    %load/vec4 v000002e7ca8da010_0;
    %pad/u 24;
    %load/vec4 v000002e7ca8daa10_0;
    %pad/u 24;
    %mul;
    %load/vec4 v000002e7ca8da790_0;
    %add;
    %assign/vec4 v000002e7ca8d9f70_0, 0;
    %jmp T_30;
    .thread T_30;
    .scope S_000002e7ca88e300;
T_31 ;
    %wait E_000002e7ca869230;
    %load/vec4 v000002e7ca8d9430_0;
    %flag_set/vec4 8;
    %jmp/0xz  T_31.0, 8;
    %pushi/vec4 0, 0, 8;
    %assign/vec4 v000002e7ca8da010_0, 0;
    %pushi/vec4 0, 0, 8;
    %assign/vec4 v000002e7ca8daa10_0, 0;
    %jmp T_31.1;
T_31.0 ;
    %load/vec4 v000002e7ca8d9c50_0;
    %assign/vec4 v000002e7ca8da010_0, 0;
    %load/vec4 v000002e7ca8d97f0_0;
    %pad/u 32;
    %cmpi/e 1, 0, 32;
    %jmp/0xz  T_31.2, 4;
    %load/vec4 v000002e7ca8da8d0_0;
    %assign/vec4 v000002e7ca8daa10_0, 0;
    %jmp T_31.3;
T_31.2 ;
    %load/vec4 v000002e7ca8daa10_0;
    %assign/vec4 v000002e7ca8daa10_0, 0;
T_31.3 ;
T_31.1 ;
    %jmp T_31;
    .thread T_31;
    .scope S_000002e7ca88ead0;
T_32 ;
    %wait E_000002e7ca869270;
    %load/vec4 v000002e7ca8d7420_0;
    %flag_set/vec4 8;
    %jmp/0xz  T_32.0, 8;
    %pushi/vec4 0, 0, 8;
    %assign/vec4 v000002e7ca8d8140_0, 0;
    %jmp T_32.1;
T_32.0 ;
    %load/vec4 v000002e7ca8d7c40_0;
    %pad/u 32;
    %cmpi/u 255, 0, 32;
    %flag_or 5, 4; GT is !LE
    %flag_inv 5;
    %jmp/0xz  T_32.2, 5;
    %pushi/vec4 255, 0, 8;
    %assign/vec4 v000002e7ca8d8140_0, 0;
    %jmp T_32.3;
T_32.2 ;
    %load/vec4 v000002e7ca8d7c40_0;
    %pad/u 8;
    %assign/vec4 v000002e7ca8d8140_0, 0;
T_32.3 ;
T_32.1 ;
    %jmp T_32;
    .thread T_32;
    .scope S_000002e7ca88e490;
T_33 ;
    %wait E_000002e7ca869270;
    %load/vec4 v000002e7ca8dab50_0;
    %flag_set/vec4 8;
    %jmp/0xz  T_33.0, 8;
    %pushi/vec4 0, 0, 8;
    %assign/vec4 v000002e7ca8d9390_0, 0;
    %jmp T_33.1;
T_33.0 ;
    %load/vec4 v000002e7ca8da1f0_0;
    %pad/u 32;
    %cmpi/u 255, 0, 32;
    %flag_or 5, 4; GT is !LE
    %flag_inv 5;
    %jmp/0xz  T_33.2, 5;
    %pushi/vec4 255, 0, 8;
    %assign/vec4 v000002e7ca8d9390_0, 0;
    %jmp T_33.3;
T_33.2 ;
    %load/vec4 v000002e7ca8da1f0_0;
    %pad/u 8;
    %assign/vec4 v000002e7ca8d9390_0, 0;
T_33.3 ;
T_33.1 ;
    %jmp T_33;
    .thread T_33;
    .scope S_000002e7ca88edf0;
T_34 ;
    %wait E_000002e7ca869270;
    %load/vec4 v000002e7ca8d9110_0;
    %flag_set/vec4 8;
    %jmp/0xz  T_34.0, 8;
    %pushi/vec4 0, 0, 8;
    %assign/vec4 v000002e7ca8d9570_0, 0;
    %jmp T_34.1;
T_34.0 ;
    %load/vec4 v000002e7ca8da6f0_0;
    %pad/u 32;
    %cmpi/u 255, 0, 32;
    %flag_or 5, 4; GT is !LE
    %flag_inv 5;
    %jmp/0xz  T_34.2, 5;
    %pushi/vec4 255, 0, 8;
    %assign/vec4 v000002e7ca8d9570_0, 0;
    %jmp T_34.3;
T_34.2 ;
    %load/vec4 v000002e7ca8da6f0_0;
    %pad/u 8;
    %assign/vec4 v000002e7ca8d9570_0, 0;
T_34.3 ;
T_34.1 ;
    %jmp T_34;
    .thread T_34;
    .scope S_000002e7ca88e7b0;
T_35 ;
    %wait E_000002e7ca869270;
    %load/vec4 v000002e7ca8d9250_0;
    %flag_set/vec4 8;
    %jmp/0xz  T_35.0, 8;
    %pushi/vec4 0, 0, 8;
    %assign/vec4 v000002e7ca8d99d0_0, 0;
    %jmp T_35.1;
T_35.0 ;
    %load/vec4 v000002e7ca8d91b0_0;
    %pad/u 32;
    %cmpi/u 255, 0, 32;
    %flag_or 5, 4; GT is !LE
    %flag_inv 5;
    %jmp/0xz  T_35.2, 5;
    %pushi/vec4 255, 0, 8;
    %assign/vec4 v000002e7ca8d99d0_0, 0;
    %jmp T_35.3;
T_35.2 ;
    %load/vec4 v000002e7ca8d91b0_0;
    %pad/u 8;
    %assign/vec4 v000002e7ca8d99d0_0, 0;
T_35.3 ;
T_35.1 ;
    %jmp T_35;
    .thread T_35;
    .scope S_000002e7ca865540;
T_36 ;
    %wait E_000002e7ca869230;
    %load/vec4 v000002e7ca8d88c0_0;
    %flag_set/vec4 8;
    %jmp/0xz  T_36.0, 8;
    %pushi/vec4 0, 0, 8;
    %assign/vec4 v000002e7ca8d7240_0, 0;
    %jmp T_36.1;
T_36.0 ;
    %load/vec4 v000002e7ca8d77e0_0;
    %pad/u 32;
    %cmpi/u 10, 0, 32;
    %flag_inv 5; GE is !LT
    %jmp/0xz  T_36.2, 5;
    %load/vec4 v000002e7ca8d77e0_0;
    %assign/vec4 v000002e7ca8d7240_0, 0;
    %jmp T_36.3;
T_36.2 ;
    %pushi/vec4 0, 0, 8;
    %assign/vec4 v000002e7ca8d7240_0, 0;
T_36.3 ;
T_36.1 ;
    %jmp T_36;
    .thread T_36;
    .scope S_000002e7ca88e940;
T_37 ;
    %wait E_000002e7ca869230;
    %load/vec4 v000002e7ca8da3d0_0;
    %flag_set/vec4 8;
    %jmp/0xz  T_37.0, 8;
    %pushi/vec4 0, 0, 8;
    %assign/vec4 v000002e7ca8da330_0, 0;
    %jmp T_37.1;
T_37.0 ;
    %load/vec4 v000002e7ca8d9610_0;
    %pad/u 32;
    %cmpi/u 10, 0, 32;
    %flag_inv 5; GE is !LT
    %jmp/0xz  T_37.2, 5;
    %load/vec4 v000002e7ca8d9610_0;
    %assign/vec4 v000002e7ca8da330_0, 0;
    %jmp T_37.3;
T_37.2 ;
    %pushi/vec4 0, 0, 8;
    %assign/vec4 v000002e7ca8da330_0, 0;
T_37.3 ;
T_37.1 ;
    %jmp T_37;
    .thread T_37;
    .scope S_000002e7ca88dfe0;
T_38 ;
    %wait E_000002e7ca869230;
    %load/vec4 v000002e7ca8da5b0_0;
    %flag_set/vec4 8;
    %jmp/0xz  T_38.0, 8;
    %pushi/vec4 0, 0, 8;
    %assign/vec4 v000002e7ca8da470_0, 0;
    %jmp T_38.1;
T_38.0 ;
    %load/vec4 v000002e7ca8d9e30_0;
    %pad/u 32;
    %cmpi/u 10, 0, 32;
    %flag_inv 5; GE is !LT
    %jmp/0xz  T_38.2, 5;
    %load/vec4 v000002e7ca8d9e30_0;
    %assign/vec4 v000002e7ca8da470_0, 0;
    %jmp T_38.3;
T_38.2 ;
    %pushi/vec4 0, 0, 8;
    %assign/vec4 v000002e7ca8da470_0, 0;
T_38.3 ;
T_38.1 ;
    %jmp T_38;
    .thread T_38;
    .scope S_000002e7ca88e620;
T_39 ;
    %wait E_000002e7ca869230;
    %load/vec4 v000002e7ca8dad30_0;
    %flag_set/vec4 8;
    %jmp/0xz  T_39.0, 8;
    %pushi/vec4 0, 0, 8;
    %assign/vec4 v000002e7ca8d9ed0_0, 0;
    %jmp T_39.1;
T_39.0 ;
    %load/vec4 v000002e7ca8d9890_0;
    %pad/u 32;
    %cmpi/u 10, 0, 32;
    %flag_inv 5; GE is !LT
    %jmp/0xz  T_39.2, 5;
    %load/vec4 v000002e7ca8d9890_0;
    %assign/vec4 v000002e7ca8d9ed0_0, 0;
    %jmp T_39.3;
T_39.2 ;
    %pushi/vec4 0, 0, 8;
    %assign/vec4 v000002e7ca8d9ed0_0, 0;
T_39.3 ;
T_39.1 ;
    %jmp T_39;
    .thread T_39;
    .scope S_000002e7ca86ac30;
T_40 ;
    %wait E_000002e7ca869230;
    %load/vec4 v000002e7ca8dc660_0;
    %flag_set/vec4 8;
    %load/vec4 v000002e7ca8db3a0_0;
    %inv;
    %flag_set/vec4 9;
    %flag_or 9, 8;
    %jmp/0xz  T_40.0, 9;
    %pushi/vec4 0, 0, 2;
    %assign/vec4 v000002e7ca8dc980_0, 0;
    %pushi/vec4 0, 0, 5;
    %assign/vec4 v000002e7ca8dbe40_0, 0;
    %jmp T_40.1;
T_40.0 ;
    %load/vec4 v000002e7ca8dbe40_0;
    %pad/u 32;
    %cmpi/e 18, 0, 32;
    %jmp/0xz  T_40.2, 4;
    %pushi/vec4 3, 0, 2;
    %assign/vec4 v000002e7ca8dc980_0, 0;
    %pushi/vec4 0, 0, 5;
    %assign/vec4 v000002e7ca8dbe40_0, 0;
    %jmp T_40.3;
T_40.2 ;
    %load/vec4 v000002e7ca8dbe40_0;
    %pad/u 32;
    %cmpi/e 17, 0, 32;
    %jmp/0xz  T_40.4, 4;
    %pushi/vec4 2, 0, 2;
    %assign/vec4 v000002e7ca8dc980_0, 0;
    %jmp T_40.5;
T_40.4 ;
    %pushi/vec4 1, 0, 2;
    %assign/vec4 v000002e7ca8dc980_0, 0;
    %load/vec4 v000002e7ca8dbe40_0;
    %addi 1, 0, 5;
    %assign/vec4 v000002e7ca8dbe40_0, 0;
T_40.5 ;
T_40.3 ;
T_40.1 ;
    %jmp T_40;
    .thread T_40;
    .scope S_000002e7ca883dc0;
T_41 ;
    %wait E_000002e7ca86a130;
    %load/vec4 v000002e7ca8def30_0;
    %flag_set/vec4 8;
    %jmp/0xz  T_41.0, 8;
    %pushi/vec4 0, 0, 32;
    %assign/vec4 v000002e7ca8ddef0_0, 0;
    %jmp T_41.1;
T_41.0 ;
    %load/vec4 v000002e7ca8dd1d0_0;
    %flag_set/vec4 8;
    %jmp/0xz  T_41.2, 8;
    %load/vec4 v000002e7ca8dec10_0;
    %ix/getv/s 3, v000002e7ca8ddef0_0;
    %ix/load 4, 0, 0; Constant delay
    %assign/vec4/a/d v000002e7ca8dd8b0, 0, 4;
    %load/vec4 v000002e7ca8ddef0_0;
    %addi 1, 0, 32;
    %assign/vec4 v000002e7ca8ddef0_0, 0;
T_41.2 ;
T_41.1 ;
    %jmp T_41;
    .thread T_41;
    .scope S_000002e7ca883dc0;
T_42 ;
    %wait E_000002e7ca86a130;
    %load/vec4 v000002e7ca8def30_0;
    %flag_set/vec4 8;
    %jmp/0xz  T_42.0, 8;
    %pushi/vec4 0, 0, 32;
    %assign/vec4 v000002e7ca8dd770_0, 0;
    %jmp T_42.1;
T_42.0 ;
    %load/vec4 v000002e7ca8dd270_0;
    %flag_set/vec4 8;
    %jmp/0xz  T_42.2, 8;
    %load/vec4 v000002e7ca8dee90_0;
    %ix/getv/s 3, v000002e7ca8dd770_0;
    %ix/load 4, 0, 0; Constant delay
    %assign/vec4/a/d v000002e7ca8dd090, 0, 4;
    %load/vec4 v000002e7ca8dd770_0;
    %addi 1, 0, 32;
    %assign/vec4 v000002e7ca8dd770_0, 0;
T_42.2 ;
T_42.1 ;
    %jmp T_42;
    .thread T_42;
    .scope S_000002e7ca883dc0;
T_43 ;
    %delay 69000, 0;
    %load/vec4 v000002e7ca8dd130_0;
    %pad/u 32;
    %cmpi/e 1, 0, 32;
    %jmp/0xz  T_43.0, 4;
    %delay 5000, 0;
    %pushi/vec4 1, 0, 1;
    %store/vec4 v000002e7ca8de990_0, 0, 1;
    %delay 100000, 0;
    %pushi/vec4 0, 0, 1;
    %store/vec4 v000002e7ca8de990_0, 0, 1;
T_43.0 ;
    %end;
    .thread T_43;
    .scope S_000002e7ca883dc0;
T_44 ;
    %wait E_000002e7ca86a130;
    %load/vec4 v000002e7ca8def30_0;
    %flag_set/vec4 8;
    %jmp/0xz  T_44.0, 8;
    %pushi/vec4 0, 0, 5;
    %assign/vec4 v000002e7ca8dd3b0_0, 0;
    %jmp T_44.1;
T_44.0 ;
    %load/vec4 v000002e7ca8dd130_0;
    %flag_set/vec4 8;
    %jmp/0xz  T_44.2, 8;
    %load/vec4 v000002e7ca8dd3b0_0;
    %addi 1, 0, 5;
    %assign/vec4 v000002e7ca8dd3b0_0, 0;
T_44.2 ;
T_44.1 ;
    %jmp T_44;
    .thread T_44;
    .scope S_000002e7ca883dc0;
T_45 ;
    %wait E_000002e7ca8691f0;
    %load/vec4 v000002e7ca8dd130_0;
    %load/vec4 v000002e7ca8dd3b0_0;
    %pad/u 32;
    %cmpi/u 3, 0, 32;
    %flag_get/vec4 4;
    %flag_get/vec4 5;
    %or;
    %and;
    %flag_set/vec4 8;
    %jmp/0xz  T_45.0, 8;
    %pushi/vec4 1, 0, 1;
    %assign/vec4 v000002e7ca8de990_0, 0;
    %pushi/vec4 12, 0, 38;
    %load/vec4 v000002e7ca8dd3b0_0;
    %pad/u 38;
    %muli 4, 0, 38;
    %sub;
    %ix/vec4 4;
    %load/vec4a v000002e7ca8dd090, 4;
    %assign/vec4 v000002e7ca8dd810_0, 0;
    %pushi/vec4 13, 0, 38;
    %load/vec4 v000002e7ca8dd3b0_0;
    %pad/u 38;
    %muli 4, 0, 38;
    %sub;
    %ix/vec4 4;
    %load/vec4a v000002e7ca8dd090, 4;
    %assign/vec4 v000002e7ca8de5d0_0, 0;
    %pushi/vec4 14, 0, 38;
    %load/vec4 v000002e7ca8dd3b0_0;
    %pad/u 38;
    %muli 4, 0, 38;
    %sub;
    %ix/vec4 4;
    %load/vec4a v000002e7ca8dd090, 4;
    %assign/vec4 v000002e7ca8decb0_0, 0;
    %pushi/vec4 15, 0, 38;
    %load/vec4 v000002e7ca8dd3b0_0;
    %pad/u 38;
    %muli 4, 0, 38;
    %sub;
    %ix/vec4 4;
    %load/vec4a v000002e7ca8dd090, 4;
    %assign/vec4 v000002e7ca8de210_0, 0;
    %jmp T_45.1;
T_45.0 ;
    %pushi/vec4 0, 0, 1;
    %assign/vec4 v000002e7ca8de990_0, 0;
T_45.1 ;
    %jmp T_45;
    .thread T_45, $push;
    .scope S_000002e7ca883dc0;
T_46 ;
    %wait E_000002e7ca869ef0;
    %load/vec4 v000002e7ca8dd130_0;
    %pushi/vec4 3, 0, 32;
    %load/vec4 v000002e7ca8dd3b0_0;
    %pad/u 32;
    %cmp/u;
    %flag_get/vec4 5;
    %and;
    %load/vec4 v000002e7ca8dd3b0_0;
    %pad/u 32;
    %cmpi/u 7, 0, 32;
    %flag_get/vec4 4;
    %flag_get/vec4 5;
    %or;
    %and;
    %flag_set/vec4 8;
    %jmp/0xz  T_46.0, 8;
    %load/vec4 v000002e7ca8dd3b0_0;
    %pad/u 65;
    %subi 4, 0, 65;
    %muli 4, 0, 65;
    %ix/vec4 4;
    %load/vec4a v000002e7ca8dd8b0, 4;
    %assign/vec4 v000002e7ca8de710_0, 0;
T_46.0 ;
    %jmp T_46;
    .thread T_46, $push;
    .scope S_000002e7ca883dc0;
T_47 ;
    %wait E_000002e7ca869ef0;
    %load/vec4 v000002e7ca8dd130_0;
    %pushi/vec4 4, 0, 32;
    %load/vec4 v000002e7ca8dd3b0_0;
    %pad/u 32;
    %cmp/u;
    %flag_get/vec4 5;
    %and;
    %load/vec4 v000002e7ca8dd3b0_0;
    %pad/u 32;
    %cmpi/u 8, 0, 32;
    %flag_get/vec4 4;
    %flag_get/vec4 5;
    %or;
    %and;
    %flag_set/vec4 8;
    %jmp/0xz  T_47.0, 8;
    %load/vec4 v000002e7ca8dd3b0_0;
    %pad/u 66;
    %subi 5, 0, 66;
    %muli 4, 0, 66;
    %addi 1, 0, 66;
    %ix/vec4 4;
    %load/vec4a v000002e7ca8dd8b0, 4;
    %assign/vec4 v000002e7ca8de850_0, 0;
T_47.0 ;
    %jmp T_47;
    .thread T_47, $push;
    .scope S_000002e7ca883dc0;
T_48 ;
    %wait E_000002e7ca869ef0;
    %load/vec4 v000002e7ca8dd130_0;
    %pushi/vec4 5, 0, 32;
    %load/vec4 v000002e7ca8dd3b0_0;
    %pad/u 32;
    %cmp/u;
    %flag_get/vec4 5;
    %and;
    %load/vec4 v000002e7ca8dd3b0_0;
    %pad/u 32;
    %cmpi/u 9, 0, 32;
    %flag_get/vec4 4;
    %flag_get/vec4 5;
    %or;
    %and;
    %flag_set/vec4 8;
    %jmp/0xz  T_48.0, 8;
    %load/vec4 v000002e7ca8dd3b0_0;
    %pad/u 66;
    %subi 6, 0, 66;
    %muli 4, 0, 66;
    %addi 2, 0, 66;
    %ix/vec4 4;
    %load/vec4a v000002e7ca8dd8b0, 4;
    %assign/vec4 v000002e7ca8dedf0_0, 0;
T_48.0 ;
    %jmp T_48;
    .thread T_48, $push;
    .scope S_000002e7ca883dc0;
T_49 ;
    %wait E_000002e7ca869ef0;
    %load/vec4 v000002e7ca8dd130_0;
    %pushi/vec4 6, 0, 32;
    %load/vec4 v000002e7ca8dd3b0_0;
    %pad/u 32;
    %cmp/u;
    %flag_get/vec4 5;
    %and;
    %load/vec4 v000002e7ca8dd3b0_0;
    %pad/u 32;
    %cmpi/u 10, 0, 32;
    %flag_get/vec4 4;
    %flag_get/vec4 5;
    %or;
    %and;
    %flag_set/vec4 8;
    %jmp/0xz  T_49.0, 8;
    %load/vec4 v000002e7ca8dd3b0_0;
    %pad/u 66;
    %subi 7, 0, 66;
    %muli 4, 0, 66;
    %addi 3, 0, 66;
    %ix/vec4 4;
    %load/vec4a v000002e7ca8dd8b0, 4;
    %assign/vec4 v000002e7ca8de2b0_0, 0;
T_49.0 ;
    %jmp T_49;
    .thread T_49, $push;
    .scope S_000002e7ca883dc0;
T_50 ;
    %wait E_000002e7ca86a130;
    %load/vec4 v000002e7ca8de3f0_0;
    %pad/u 32;
    %cmpi/e 11, 0, 32;
    %jmp/0xz  T_50.0, 4;
    %load/vec4 v000002e7ca8de490_0;
    %ix/load 3, 16, 0;
    %flag_set/imm 4, 0;
    %ix/load 4, 0, 0; Constant delay
    %assign/vec4/a/d v000002e7ca8dd8b0, 0, 4;
    %jmp T_50.1;
T_50.0 ;
    %load/vec4 v000002e7ca8de3f0_0;
    %pad/u 32;
    %cmpi/e 12, 0, 32;
    %jmp/0xz  T_50.2, 4;
    %load/vec4 v000002e7ca8de490_0;
    %ix/load 3, 20, 0;
    %flag_set/imm 4, 0;
    %ix/load 4, 0, 0; Constant delay
    %assign/vec4/a/d v000002e7ca8dd8b0, 0, 4;
    %load/vec4 v000002e7ca8de350_0;
    %ix/load 3, 17, 0;
    %flag_set/imm 4, 0;
    %ix/load 4, 0, 0; Constant delay
    %assign/vec4/a/d v000002e7ca8dd8b0, 0, 4;
    %jmp T_50.3;
T_50.2 ;
    %load/vec4 v000002e7ca8de3f0_0;
    %pad/u 32;
    %cmpi/e 13, 0, 32;
    %jmp/0xz  T_50.4, 4;
    %load/vec4 v000002e7ca8de490_0;
    %ix/load 3, 24, 0;
    %flag_set/imm 4, 0;
    %ix/load 4, 0, 0; Constant delay
    %assign/vec4/a/d v000002e7ca8dd8b0, 0, 4;
    %load/vec4 v000002e7ca8de350_0;
    %ix/load 4, 21, 0;
    %flag_set/imm 4, 0;
    %store/vec4a v000002e7ca8dd8b0, 4, 0;
    %load/vec4 v000002e7ca8de0d0_0;
    %ix/load 4, 18, 0;
    %flag_set/imm 4, 0;
    %store/vec4a v000002e7ca8dd8b0, 4, 0;
    %jmp T_50.5;
T_50.4 ;
    %load/vec4 v000002e7ca8de3f0_0;
    %pad/u 32;
    %cmpi/e 14, 0, 32;
    %jmp/0xz  T_50.6, 4;
    %load/vec4 v000002e7ca8de490_0;
    %ix/load 3, 28, 0;
    %flag_set/imm 4, 0;
    %ix/load 4, 0, 0; Constant delay
    %assign/vec4/a/d v000002e7ca8dd8b0, 0, 4;
    %load/vec4 v000002e7ca8de350_0;
    %ix/load 4, 25, 0;
    %flag_set/imm 4, 0;
    %store/vec4a v000002e7ca8dd8b0, 4, 0;
    %load/vec4 v000002e7ca8de0d0_0;
    %ix/load 4, 22, 0;
    %flag_set/imm 4, 0;
    %store/vec4a v000002e7ca8dd8b0, 4, 0;
    %load/vec4 v000002e7ca8ddf90_0;
    %ix/load 4, 19, 0;
    %flag_set/imm 4, 0;
    %store/vec4a v000002e7ca8dd8b0, 4, 0;
    %jmp T_50.7;
T_50.6 ;
    %load/vec4 v000002e7ca8de3f0_0;
    %pad/u 32;
    %cmpi/e 15, 0, 32;
    %jmp/0xz  T_50.8, 4;
    %load/vec4 v000002e7ca8de350_0;
    %ix/load 4, 29, 0;
    %flag_set/imm 4, 0;
    %store/vec4a v000002e7ca8dd8b0, 4, 0;
    %load/vec4 v000002e7ca8de0d0_0;
    %ix/load 4, 26, 0;
    %flag_set/imm 4, 0;
    %store/vec4a v000002e7ca8dd8b0, 4, 0;
    %load/vec4 v000002e7ca8ddf90_0;
    %ix/load 4, 23, 0;
    %flag_set/imm 4, 0;
    %store/vec4a v000002e7ca8dd8b0, 4, 0;
    %jmp T_50.9;
T_50.8 ;
    %load/vec4 v000002e7ca8de3f0_0;
    %pad/u 32;
    %cmpi/e 16, 0, 32;
    %jmp/0xz  T_50.10, 4;
    %load/vec4 v000002e7ca8de0d0_0;
    %ix/load 4, 30, 0;
    %flag_set/imm 4, 0;
    %store/vec4a v000002e7ca8dd8b0, 4, 0;
    %load/vec4 v000002e7ca8ddf90_0;
    %ix/load 4, 27, 0;
    %flag_set/imm 4, 0;
    %store/vec4a v000002e7ca8dd8b0, 4, 0;
    %jmp T_50.11;
T_50.10 ;
    %load/vec4 v000002e7ca8de3f0_0;
    %pad/u 32;
    %cmpi/e 17, 0, 32;
    %jmp/0xz  T_50.12, 4;
    %load/vec4 v000002e7ca8ddf90_0;
    %ix/load 4, 31, 0;
    %flag_set/imm 4, 0;
    %store/vec4a v000002e7ca8dd8b0, 4, 0;
    %pushi/vec4 1, 0, 1;
    %assign/vec4 v000002e7ca8ddd10_0, 0;
T_50.12 ;
T_50.11 ;
T_50.9 ;
T_50.7 ;
T_50.5 ;
T_50.3 ;
T_50.1 ;
    %jmp T_50;
    .thread T_50;
    .scope S_000002e7ca883dc0;
T_51 ;
    %wait E_000002e7ca86a130;
    %load/vec4 v000002e7ca8def30_0;
    %flag_set/vec4 8;
    %jmp/0xz  T_51.0, 8;
    %pushi/vec4 16, 0, 32;
    %assign/vec4 v000002e7ca8dea30_0, 0;
    %jmp T_51.1;
T_51.0 ;
    %load/vec4 v000002e7ca8ddd10_0;
    %load/vec4 v000002e7ca8dea30_0;
    %cmpi/s 32, 0, 32;
    %flag_get/vec4 5;
    %and;
    %flag_set/vec4 8;
    %jmp/0xz  T_51.2, 8;
    %ix/getv/s 4, v000002e7ca8dea30_0;
    %load/vec4a v000002e7ca8dd8b0, 4;
    %assign/vec4 v000002e7ca8dda90_0, 0;
    %load/vec4 v000002e7ca8dea30_0;
    %addi 1, 0, 32;
    %assign/vec4 v000002e7ca8dea30_0, 0;
T_51.2 ;
T_51.1 ;
    %jmp T_51;
    .thread T_51;
    .scope S_000002e7ca7d4690;
T_52 ;
    %pushi/vec4 0, 0, 1;
    %store/vec4 v000002e7ca8dd450_0, 0, 1;
    %end;
    .thread T_52;
    .scope S_000002e7ca7d4690;
T_53 ;
    %pushi/vec4 250, 0, 32;
T_53.0 %dup/vec4;
    %pushi/vec4 0, 0, 32;
    %cmp/s;
    %jmp/1xz T_53.1, 5;
    %jmp/1 T_53.1, 4;
    %pushi/vec4 1, 0, 32;
    %sub;
    %delay 10000, 0;
    %load/vec4 v000002e7ca8dd450_0;
    %inv;
    %assign/vec4 v000002e7ca8dd450_0, 0;
    %jmp T_53.0;
T_53.1 ;
    %pop/vec4 1;
    %end;
    .thread T_53;
    .scope S_000002e7ca7d4690;
T_54 ;
    %pushi/vec4 1, 0, 1;
    %store/vec4 v000002e7ca8dfc80_0, 0, 1;
    %pushi/vec4 0, 0, 8;
    %store/vec4 v000002e7ca8dffa0_0, 0, 8;
    %pushi/vec4 0, 0, 8;
    %store/vec4 v000002e7ca8df0a0_0, 0, 8;
    %pushi/vec4 0, 0, 1;
    %store/vec4 v000002e7ca8e09a0_0, 0, 1;
    %pushi/vec4 0, 0, 1;
    %store/vec4 v000002e7ca8e0220_0, 0, 1;
    %delay 40000, 0;
    %pushi/vec4 0, 0, 1;
    %store/vec4 v000002e7ca8dfc80_0, 0, 1;
    %pushi/vec4 0, 0, 1;
    %store/vec4 v000002e7ca8df1e0_0, 0, 1;
    %pushi/vec4 1, 0, 1;
    %store/vec4 v000002e7ca8e0220_0, 0, 1;
    %pushi/vec4 4, 0, 8;
    %store/vec4 v000002e7ca8df0a0_0, 0, 8;
    %delay 20000, 0;
    %pushi/vec4 0, 0, 8;
    %store/vec4 v000002e7ca8df0a0_0, 0, 8;
    %delay 20000, 0;
    %pushi/vec4 2, 0, 8;
    %store/vec4 v000002e7ca8df0a0_0, 0, 8;
    %delay 20000, 0;
    %pushi/vec4 1, 0, 8;
    %store/vec4 v000002e7ca8df0a0_0, 0, 8;
    %delay 20000, 0;
    %pushi/vec4 4, 0, 8;
    %store/vec4 v000002e7ca8df0a0_0, 0, 8;
    %delay 20000, 0;
    %pushi/vec4 3, 0, 8;
    %store/vec4 v000002e7ca8df0a0_0, 0, 8;
    %delay 20000, 0;
    %pushi/vec4 2, 0, 8;
    %store/vec4 v000002e7ca8df0a0_0, 0, 8;
    %delay 20000, 0;
    %pushi/vec4 0, 0, 8;
    %store/vec4 v000002e7ca8df0a0_0, 0, 8;
    %delay 20000, 0;
    %pushi/vec4 4, 0, 8;
    %store/vec4 v000002e7ca8df0a0_0, 0, 8;
    %delay 20000, 0;
    %pushi/vec4 3, 0, 8;
    %store/vec4 v000002e7ca8df0a0_0, 0, 8;
    %delay 20000, 0;
    %pushi/vec4 0, 0, 8;
    %store/vec4 v000002e7ca8df0a0_0, 0, 8;
    %delay 20000, 0;
    %pushi/vec4 1, 0, 8;
    %store/vec4 v000002e7ca8df0a0_0, 0, 8;
    %delay 20000, 0;
    %pushi/vec4 4, 0, 8;
    %store/vec4 v000002e7ca8df0a0_0, 0, 8;
    %delay 20000, 0;
    %pushi/vec4 3, 0, 8;
    %store/vec4 v000002e7ca8df0a0_0, 0, 8;
    %delay 20000, 0;
    %pushi/vec4 2, 0, 8;
    %store/vec4 v000002e7ca8df0a0_0, 0, 8;
    %delay 20000, 0;
    %pushi/vec4 1, 0, 8;
    %store/vec4 v000002e7ca8df0a0_0, 0, 8;
    %delay 20000, 0;
    %pushi/vec4 0, 0, 1;
    %store/vec4 v000002e7ca8e0220_0, 0, 1;
    %pushi/vec4 1, 0, 1;
    %store/vec4 v000002e7ca8e09a0_0, 0, 1;
    %pushi/vec4 1, 0, 8;
    %store/vec4 v000002e7ca8dffa0_0, 0, 8;
    %delay 20000, 0;
    %pushi/vec4 2, 0, 8;
    %store/vec4 v000002e7ca8dffa0_0, 0, 8;
    %delay 20000, 0;
    %pushi/vec4 3, 0, 8;
    %store/vec4 v000002e7ca8dffa0_0, 0, 8;
    %delay 20000, 0;
    %pushi/vec4 4, 0, 8;
    %store/vec4 v000002e7ca8dffa0_0, 0, 8;
    %delay 20000, 0;
    %pushi/vec4 1, 0, 8;
    %store/vec4 v000002e7ca8dffa0_0, 0, 8;
    %delay 20000, 0;
    %pushi/vec4 2, 0, 8;
    %store/vec4 v000002e7ca8dffa0_0, 0, 8;
    %delay 20000, 0;
    %pushi/vec4 3, 0, 8;
    %store/vec4 v000002e7ca8dffa0_0, 0, 8;
    %delay 20000, 0;
    %pushi/vec4 4, 0, 8;
    %store/vec4 v000002e7ca8dffa0_0, 0, 8;
    %delay 20000, 0;
    %pushi/vec4 1, 0, 8;
    %store/vec4 v000002e7ca8dffa0_0, 0, 8;
    %delay 20000, 0;
    %pushi/vec4 2, 0, 8;
    %store/vec4 v000002e7ca8dffa0_0, 0, 8;
    %delay 20000, 0;
    %pushi/vec4 3, 0, 8;
    %store/vec4 v000002e7ca8dffa0_0, 0, 8;
    %delay 20000, 0;
    %pushi/vec4 4, 0, 8;
    %store/vec4 v000002e7ca8dffa0_0, 0, 8;
    %delay 20000, 0;
    %pushi/vec4 1, 0, 8;
    %store/vec4 v000002e7ca8dffa0_0, 0, 8;
    %delay 20000, 0;
    %pushi/vec4 2, 0, 8;
    %store/vec4 v000002e7ca8dffa0_0, 0, 8;
    %delay 20000, 0;
    %pushi/vec4 3, 0, 8;
    %store/vec4 v000002e7ca8dffa0_0, 0, 8;
    %delay 20000, 0;
    %pushi/vec4 4, 0, 8;
    %store/vec4 v000002e7ca8dffa0_0, 0, 8;
    %delay 20000, 0;
    %pushi/vec4 0, 0, 1;
    %store/vec4 v000002e7ca8e09a0_0, 0, 1;
    %pushi/vec4 1, 0, 1;
    %store/vec4 v000002e7ca8df1e0_0, 0, 1;
    %vpi_call 2 102 "$display", "Feature Memory:" {0 0 0};
    %pushi/vec4 0, 0, 32;
    %store/vec4 v000002e7ca8dd4f0_0, 0, 32;
T_54.0 ;
    %load/vec4 v000002e7ca8dd4f0_0;
    %cmpi/s 16, 0, 32;
    %jmp/0xz T_54.1, 5;
    %vpi_call 2 104 "$display", "[%0d] = %d \011 ", v000002e7ca8dd4f0_0, &A<v000002e7ca8dd8b0, v000002e7ca8dd4f0_0 > {0 0 0};
    %load/vec4 v000002e7ca8dd4f0_0;
    %addi 1, 0, 32;
    %store/vec4 v000002e7ca8dd4f0_0, 0, 32;
    %jmp T_54.0;
T_54.1 ;
    %vpi_call 2 108 "$display", "\012Weight Memory:" {0 0 0};
    %pushi/vec4 0, 0, 32;
    %store/vec4 v000002e7ca8dd590_0, 0, 32;
T_54.2 ;
    %load/vec4 v000002e7ca8dd590_0;
    %cmpi/s 16, 0, 32;
    %jmp/0xz T_54.3, 5;
    %vpi_call 2 110 "$display", "[%0d] = %d", v000002e7ca8dd590_0, &A<v000002e7ca8dd090, v000002e7ca8dd590_0 > {0 0 0};
    %load/vec4 v000002e7ca8dd590_0;
    %addi 1, 0, 32;
    %store/vec4 v000002e7ca8dd590_0, 0, 32;
    %jmp T_54.2;
T_54.3 ;
    %vpi_call 2 113 "$display", "The feature Matrix Loaded into Feature Memory is:\012 %d %d %d %d \012 %d %d %d %d \012 %d %d %d %d \012 %d %d %d %d \012 ", &A<v000002e7ca8dd8b0, 0>, &A<v000002e7ca8dd8b0, 1>, &A<v000002e7ca8dd8b0, 2>, &A<v000002e7ca8dd8b0, 3>, &A<v000002e7ca8dd8b0, 4>, &A<v000002e7ca8dd8b0, 5>, &A<v000002e7ca8dd8b0, 6>, &A<v000002e7ca8dd8b0, 7>, &A<v000002e7ca8dd8b0, 8>, &A<v000002e7ca8dd8b0, 9>, &A<v000002e7ca8dd8b0, 10>, &A<v000002e7ca8dd8b0, 11>, &A<v000002e7ca8dd8b0, 12>, &A<v000002e7ca8dd8b0, 13>, &A<v000002e7ca8dd8b0, 14>, &A<v000002e7ca8dd8b0, 15> {0 0 0};
    %vpi_call 2 116 "$display", "The Weight Matrix loaded into Weight Memory is:\012 %d %d %d %d \012 %d %d %d %d \012 %d %d %d %d \012 %d %d %d %d \012 ", &A<v000002e7ca8dd090, 0>, &A<v000002e7ca8dd090, 1>, &A<v000002e7ca8dd090, 2>, &A<v000002e7ca8dd090, 3>, &A<v000002e7ca8dd090, 4>, &A<v000002e7ca8dd090, 5>, &A<v000002e7ca8dd090, 6>, &A<v000002e7ca8dd090, 7>, &A<v000002e7ca8dd090, 8>, &A<v000002e7ca8dd090, 9>, &A<v000002e7ca8dd090, 10>, &A<v000002e7ca8dd090, 11>, &A<v000002e7ca8dd090, 12>, &A<v000002e7ca8dd090, 13>, &A<v000002e7ca8dd090, 14>, &A<v000002e7ca8dd090, 15> {0 0 0};
    %end;
    .thread T_54;
    .scope S_000002e7ca7d4690;
T_55 ;
    %wait E_000002e7ca869f70;
    %vpi_call 2 123 "$monitor", "Time: %t, startSignal:%d \012 ", $time, v000002e7ca8df1e0_0 {0 0 0};
    %jmp T_55;
    .thread T_55, $push;
    .scope S_000002e7ca7d4690;
T_56 ;
    %wait E_000002e7ca869cf0;
    %delay 1500000, 0;
    %vpi_call 2 132 "$display", " Matrix Multiplication Output fetched from Feature Memory = \012 %d  %d  %d  %d \012 %d  %d  %d  %d \012 %d  %d  %d  %d \012 %d  %d  %d  %d \012  ", &A<v000002e7ca8dd8b0, 16>, &A<v000002e7ca8dd8b0, 17>, &A<v000002e7ca8dd8b0, 18>, &A<v000002e7ca8dd8b0, 19>, &A<v000002e7ca8dd8b0, 20>, &A<v000002e7ca8dd8b0, 21>, &A<v000002e7ca8dd8b0, 22>, &A<v000002e7ca8dd8b0, 23>, &A<v000002e7ca8dd8b0, 24>, &A<v000002e7ca8dd8b0, 25>, &A<v000002e7ca8dd8b0, 26>, &A<v000002e7ca8dd8b0, 27>, &A<v000002e7ca8dd8b0, 28>, &A<v000002e7ca8dd8b0, 29>, &A<v000002e7ca8dd8b0, 30>, &A<v000002e7ca8dd8b0, 31> {0 0 0};
    %jmp T_56;
    .thread T_56, $push;
# The file index is used to find the file name in the following table.
:file_names 8;
    "N/A";
    "<interactive>";
    ".\mainTB.v";
    ".\main.v";
    ".\Systolic_Array.v";
    ".\MACUnit.v";
    ".\ActivationUnit.v";
    ".\QuantizationUnit.v";
